Running in Lattice mode

Starting:    C:\lscc\diamond\3.12\synpbase\bin64\mbin\synbatch.exe
Install:     C:\lscc\diamond\3.12\synpbase
Hostname:    DESKTOP-2I5LM3P
Date:        Tue Mar 23 17:12:23 2021
Version:     Q-2020.03L-SP1

Arguments:   -product synplify_pro -batch multi4bits00_multi4bits00_synplify.tcl
ProductType: synplify_pro




log file: "D:\ISC\Semestre 2021-1\Arquitectura de Computadoras\practicas\10_multi4bits00\multi4bits00\multi4bits00_multi4bits00.srr"
Running: hdl_info_gen in foreground

Generating HDL info...

hdl_info_gen completed
# Tue Mar 23 17:12:25 2021

Return Code: 0
Run Time:00h:00m:01s
log file: "D:\ISC\Semestre 2021-1\Arquitectura de Computadoras\practicas\10_multi4bits00\multi4bits00\multi4bits00_multi4bits00.srr"
Running: multi4bits00 in foreground

Running proj_1|multi4bits00

Running Flow: compile (Compile) on proj_1|multi4bits00
# Tue Mar 23 17:12:26 2021

Running Flow: compile_flow (Compile Process) on proj_1|multi4bits00
# Tue Mar 23 17:12:26 2021

Running: compiler (Compile Input) on proj_1|multi4bits00
# Tue Mar 23 17:12:26 2021
Copied D:\ISC\Semestre 2021-1\Arquitectura de Computadoras\practicas\10_multi4bits00\multi4bits00\synwork\multi4bits00_multi4bits00_comp.srs to D:\ISC\Semestre 2021-1\Arquitectura de Computadoras\practicas\10_multi4bits00\multi4bits00\multi4bits00_multi4bits00.srs

compiler completed
# Tue Mar 23 17:12:34 2021

Return Code: 0
Run Time:00h:00m:08s

Running: multi_srs_gen (Multi-srs Generator) on proj_1|multi4bits00
# Tue Mar 23 17:12:34 2021

multi_srs_gen completed
# Tue Mar 23 17:12:35 2021

Return Code: 0
Run Time:00h:00m:01s
Copied D:\ISC\Semestre 2021-1\Arquitectura de Computadoras\practicas\10_multi4bits00\multi4bits00\synwork\multi4bits00_multi4bits00_mult.srs to D:\ISC\Semestre 2021-1\Arquitectura de Computadoras\practicas\10_multi4bits00\multi4bits00\multi4bits00_multi4bits00.srs
Copied D:\ISC\Semestre 2021-1\Arquitectura de Computadoras\practicas\10_multi4bits00\multi4bits00\multi4bits00_multi4bits00.srr to D:\ISC\Semestre 2021-1\Arquitectura de Computadoras\practicas\10_multi4bits00\multi4bits00\multi4bits00_multi4bits00.srf
Complete: Compile Process on proj_1|multi4bits00

Running: premap (Premap) on proj_1|multi4bits00
# Tue Mar 23 17:12:35 2021

premap completed
# Tue Mar 23 17:12:45 2021

Return Code: 0
Run Time:00h:00m:10s
Complete: Compile on proj_1|multi4bits00

Running Flow: map (Map) on proj_1|multi4bits00
# Tue Mar 23 17:12:45 2021

Running: fpga_mapper (Map & Optimize) on proj_1|multi4bits00
# Tue Mar 23 17:12:45 2021
Copied D:\ISC\Semestre 2021-1\Arquitectura de Computadoras\practicas\10_multi4bits00\multi4bits00\synwork\multi4bits00_multi4bits00_m.srm to D:\ISC\Semestre 2021-1\Arquitectura de Computadoras\practicas\10_multi4bits00\multi4bits00\multi4bits00_multi4bits00.srm

fpga_mapper completed
# Tue Mar 23 17:12:57 2021

Return Code: 0
Run Time:00h:00m:12s
Complete: Map on proj_1|multi4bits00
Copied D:\ISC\Semestre 2021-1\Arquitectura de Computadoras\practicas\10_multi4bits00\multi4bits00\multi4bits00_multi4bits00.srr to D:\ISC\Semestre 2021-1\Arquitectura de Computadoras\practicas\10_multi4bits00\multi4bits00\multi4bits00_multi4bits00.srf
Complete: Logic Synthesis on proj_1|multi4bits00
TCL script complete: "multi4bits00_multi4bits00_synplify.tcl"
exit status=0
exit status=0
Save changes for project:
D:\ISC\Semestre 2021-1\Arquitectura de Computadoras\practicas\10_multi4bits00\multi4bits00\proj_1.prj
batch mode default:no
