
synpwrap -msg -prj "word00_word00_synplify.tcl" -log "word00_word00.srf"
Copyright (C) 1992-2020 Lattice Semiconductor Corporation. All rights reserved.
Lattice Diamond Version 3.12.0.240.2
    <postMsg mid="2011000" type="Info"    dynamic="0" navigation="0"  />

==contents of word00_word00.srf
#Build: Synplify Pro (R) Q-2020.03L-SP1, Build 182R, Oct 29 2020
#install: C:\lscc\diamond\3.12\synpbase
#OS: Windows 8 6.2
#Hostname: DESKTOP-2I5LM3P

# Mon Mar 29 13:11:43 2021

#Implementation: word00


Copyright (C) 1994-2020 Synopsys, Inc.
This Synopsys software and all associated documentation are proprietary to Synopsys, Inc.
and may only be used pursuant to the terms and conditions of a written license agreement
with Synopsys, Inc. All other use, reproduction, modification, or distribution of the
Synopsys software or the associated documentation is strictly prohibited.
Tool: Synplify Pro (R)
Build: Q-2020.03L-SP1
Install: C:\lscc\diamond\3.12\synpbase
OS: Windows 6.2

Hostname: DESKTOP-2I5LM3P

Implementation : word00
Synopsys HDL Compiler, Version comp202003synp2, Build 182R, Built Oct 29 2020 10:49:53, @

@N|Running in 64-bit mode
###########################################################[

Copyright (C) 1994-2020 Synopsys, Inc.
This Synopsys software and all associated documentation are proprietary to Synopsys, Inc.
and may only be used pursuant to the terms and conditions of a written license agreement
with Synopsys, Inc. All other use, reproduction, modification, or distribution of the
Synopsys software or the associated documentation is strictly prohibited.
Tool: Synplify Pro (R)
Build: Q-2020.03L-SP1
Install: C:\lscc\diamond\3.12\synpbase
OS: Windows 6.2

Hostname: DESKTOP-2I5LM3P

Implementation : word00
Synopsys VHDL Compiler, Version comp202003synp2, Build 182R, Built Oct 29 2020 10:49:53, @

@N|Running in 64-bit mode
@N:"D:\ISC\Semestre 2021-1\Arquitectura de Computadoras\practicas\22_word00\word00.vhd":12:7:12:12|Top entity is set to word00.
File C:\lscc\diamond\3.12\synpbase\lib\cpld\lattice.vhd changed - recompiling
File C:\lscc\diamond\3.12\synpbase\lib\lucent\machxo2.vhd changed - recompiling
File D:\ISC\Semestre 2021-1\Arquitectura de Computadoras\practicas\22_word00\word00\source\oscint00.vhd changed - recompiling
File D:\ISC\Semestre 2021-1\Arquitectura de Computadoras\practicas\22_word00\word00\source\packageOsc00.vhd changed - recompiling
File D:\ISC\Semestre 2021-1\Arquitectura de Computadoras\practicas\22_word00\word00\source\cont_ring.vhd changed - recompiling
File D:\ISC\Semestre 2021-1\Arquitectura de Computadoras\practicas\22_word00\wordmem00.vhd changed - recompiling
File D:\ISC\Semestre 2021-1\Arquitectura de Computadoras\practicas\22_word00\packageword00.vhd changed - recompiling
File D:\ISC\Semestre 2021-1\Arquitectura de Computadoras\practicas\22_word00\word00\source\osc00.vhd changed - recompiling
File D:\ISC\Semestre 2021-1\Arquitectura de Computadoras\practicas\22_word00\word00.vhd changed - recompiling
VHDL syntax check successful!
File D:\ISC\Semestre 2021-1\Arquitectura de Computadoras\practicas\22_word00\wordmem00.vhd changed - recompiling
@N: CD630 :"D:\ISC\Semestre 2021-1\Arquitectura de Computadoras\practicas\22_word00\word00.vhd":12:7:12:12|Synthesizing work.word00.word0.
@N: CD630 :"D:\ISC\Semestre 2021-1\Arquitectura de Computadoras\practicas\22_word00\word00\source\coder00.vhd":10:7:10:13|Synthesizing work.coder00.coder0.
Post processing for work.coder00.coder0
Running optimization stage 1 on coder00 .......
@N: CD630 :"D:\ISC\Semestre 2021-1\Arquitectura de Computadoras\practicas\22_word00\word00\source\cont_ring.vhd":8:7:8:12|Synthesizing work.ring00.cont.
Post processing for work.ring00.cont
Running optimization stage 1 on ring00 .......
@W: CL260 :"D:\ISC\Semestre 2021-1\Arquitectura de Computadoras\practicas\22_word00\word00\source\cont_ring.vhd":20:3:20:4|Pruning register bit 0 of q(3 downto 0). If this is not the intended behavior, drive the input with valid values, or an input from the top level.
@N: CD630 :"D:\ISC\Semestre 2021-1\Arquitectura de Computadoras\practicas\22_word00\word00\source\osc00.vhd":10:7:10:11|Synthesizing work.osc00.osc0.
@N: CD630 :"D:\ISC\Semestre 2021-1\Arquitectura de Computadoras\practicas\22_word00\word00\source\div00.vhd":9:7:9:11|Synthesizing work.div00.div0.
@N: CD364 :"D:\ISC\Semestre 2021-1\Arquitectura de Computadoras\practicas\22_word00\word00\source\div00.vhd":30:6:30:11|Removing redundant assignment.
@N: CD364 :"D:\ISC\Semestre 2021-1\Arquitectura de Computadoras\practicas\22_word00\word00\source\div00.vhd":39:6:39:11|Removing redundant assignment.
@N: CD364 :"D:\ISC\Semestre 2021-1\Arquitectura de Computadoras\practicas\22_word00\word00\source\div00.vhd":48:6:48:11|Removing redundant assignment.
@N: CD364 :"D:\ISC\Semestre 2021-1\Arquitectura de Computadoras\practicas\22_word00\word00\source\div00.vhd":57:6:57:11|Removing redundant assignment.
@N: CD364 :"D:\ISC\Semestre 2021-1\Arquitectura de Computadoras\practicas\22_word00\word00\source\div00.vhd":66:6:66:11|Removing redundant assignment.
@N: CD364 :"D:\ISC\Semestre 2021-1\Arquitectura de Computadoras\practicas\22_word00\word00\source\div00.vhd":75:6:75:11|Removing redundant assignment.
@N: CD364 :"D:\ISC\Semestre 2021-1\Arquitectura de Computadoras\practicas\22_word00\word00\source\div00.vhd":84:6:84:11|Removing redundant assignment.
@N: CD364 :"D:\ISC\Semestre 2021-1\Arquitectura de Computadoras\practicas\22_word00\word00\source\div00.vhd":93:6:93:11|Removing redundant assignment.
Post processing for work.div00.div0
Running optimization stage 1 on div00 .......
@N: CD630 :"D:\ISC\Semestre 2021-1\Arquitectura de Computadoras\practicas\22_word00\word00\source\oscint00.vhd":8:7:8:14|Synthesizing work.oscint00.oscint0.
@W: CD276 :"C:\lscc\diamond\3.12\cae_library\synthesis\vhdl\machxo2.vhd":2297:8:2297:15|Map for port sedstdby of component osch not found
@N: CD630 :"C:\lscc\diamond\3.12\cae_library\synthesis\vhdl\machxo2.vhd":2291:10:2291:13|Synthesizing work.osch.syn_black_box.
Post processing for work.osch.syn_black_box
Post processing for work.oscint00.oscint0
Running optimization stage 1 on oscint00 .......
Post processing for work.osc00.osc0
Running optimization stage 1 on osc00 .......
Post processing for work.word00.word0
Running optimization stage 1 on word00 .......
Running optimization stage 2 on oscint00 .......
Running optimization stage 2 on div00 .......
Running optimization stage 2 on osc00 .......
Running optimization stage 2 on ring00 .......
Running optimization stage 2 on coder00 .......
Running optimization stage 2 on word00 .......

For a summary of runtime and memory usage per design unit, please see file:
==========================================================
@L: D:\ISC\Semestre 2021-1\Arquitectura de Computadoras\practicas\22_word00\word00\synwork\layer0.rt.csv


At c_vhdl Exit (Real Time elapsed 0h:00m:03s; CPU Time elapsed 0h:00m:01s; Memory used current: 97MB peak: 100MB)

Process took 0h:00m:03s realtime, 0h:00m:01s cputime

Process completed successfully.
# Mon Mar 29 13:11:48 2021

###########################################################]
###########################################################[

Copyright (C) 1994-2020 Synopsys, Inc.
This Synopsys software and all associated documentation are proprietary to Synopsys, Inc.
and may only be used pursuant to the terms and conditions of a written license agreement
with Synopsys, Inc. All other use, reproduction, modification, or distribution of the
Synopsys software or the associated documentation is strictly prohibited.
Tool: Synplify Pro (R)
Build: Q-2020.03L-SP1
Install: C:\lscc\diamond\3.12\synpbase
OS: Windows 6.2

Hostname: DESKTOP-2I5LM3P

Implementation : word00
Synopsys Synopsys Netlist Linker, Version comp202003synp2, Build 182R, Built Oct 29 2020 10:49:53, @

@N|Running in 64-bit mode
File D:\ISC\Semestre 2021-1\Arquitectura de Computadoras\practicas\22_word00\word00\synwork\layer0.srs changed - recompiling

At syn_nfilter Exit (Real Time elapsed 0h:00m:00s; CPU Time elapsed 0h:00m:00s; Memory used current: 90MB peak: 90MB)

Process took 0h:00m:01s realtime, 0h:00m:01s cputime

Process completed successfully.
# Mon Mar 29 13:11:49 2021

###########################################################]

For a summary of runtime and memory usage for all design units, please see file:
==========================================================
@L: D:\ISC\Semestre 2021-1\Arquitectura de Computadoras\practicas\22_word00\word00\synwork\word00_word00_comp.rt.csv

@END

At c_hdl Exit (Real Time elapsed 0h:00m:04s; CPU Time elapsed 0h:00m:02s; Memory used current: 23MB peak: 23MB)

Process took 0h:00m:04s realtime, 0h:00m:02s cputime

Process completed successfully.
# Mon Mar 29 13:11:49 2021

###########################################################]
###########################################################[

Copyright (C) 1994-2020 Synopsys, Inc.
This Synopsys software and all associated documentation are proprietary to Synopsys, Inc.
and may only be used pursuant to the terms and conditions of a written license agreement
with Synopsys, Inc. All other use, reproduction, modification, or distribution of the
Synopsys software or the associated documentation is strictly prohibited.
Tool: Synplify Pro (R)
Build: Q-2020.03L-SP1
Install: C:\lscc\diamond\3.12\synpbase
OS: Windows 6.2

Hostname: DESKTOP-2I5LM3P

Implementation : word00
Synopsys Synopsys Netlist Linker, Version comp202003synp2, Build 182R, Built Oct 29 2020 10:49:53, @

@N|Running in 64-bit mode
File D:\ISC\Semestre 2021-1\Arquitectura de Computadoras\practicas\22_word00\word00\synwork\word00_word00_comp.srs changed - recompiling

At syn_nfilter Exit (Real Time elapsed 0h:00m:00s; CPU Time elapsed 0h:00m:00s; Memory used current: 90MB peak: 90MB)

Process took 0h:00m:01s realtime, 0h:00m:01s cputime

Process completed successfully.
# Mon Mar 29 13:11:52 2021

###########################################################]
Premap Report

# Mon Mar 29 13:11:54 2021


Copyright (C) 1994-2020 Synopsys, Inc.
This Synopsys software and all associated documentation are proprietary to Synopsys, Inc.
and may only be used pursuant to the terms and conditions of a written license agreement
with Synopsys, Inc. All other use, reproduction, modification, or distribution of the
Synopsys software or the associated documentation is strictly prohibited.
Tool: Synplify Pro (R)
Build: Q-2020.03L-SP1
Install: C:\lscc\diamond\3.12\synpbase
OS: Windows 6.2

Hostname: DESKTOP-2I5LM3P

Implementation : word00
Synopsys Lattice Technology Pre-mapping, Version map202003lat, Build 172R, Built Nov  2 2020 09:31:45, @


Mapper Startup Complete (Real Time elapsed 0h:00m:00s; CPU Time elapsed 0h:00m:00s; Memory used current: 117MB peak: 117MB)

@A: MF827 |No constraint file specified.
@L: D:\ISC\Semestre 2021-1\Arquitectura de Computadoras\practicas\22_word00\word00\word00_word00_scck.rpt 
See clock summary report "D:\ISC\Semestre 2021-1\Arquitectura de Computadoras\practicas\22_word00\word00\word00_word00_scck.rpt"
@N: MF916 |Option synthesis_strategy=base is enabled. 
@N: MF248 |Running in 64-bit mode.
@N: MF666 |Clock conversion enabled. (Command "set_option -fix_gated_and_generated_clocks 1" in the project file.)

Design Input Complete (Real Time elapsed 0h:00m:01s; CPU Time elapsed 0h:00m:00s; Memory used current: 124MB peak: 128MB)


Mapper Initialization Complete (Real Time elapsed 0h:00m:01s; CPU Time elapsed 0h:00m:00s; Memory used current: 124MB peak: 128MB)


Start loading timing files (Real Time elapsed 0h:00m:01s; CPU Time elapsed 0h:00m:00s; Memory used current: 137MB peak: 137MB)


Finished loading timing files (Real Time elapsed 0h:00m:01s; CPU Time elapsed 0h:00m:00s; Memory used current: 138MB peak: 139MB)


Starting clock optimization phase (Real Time elapsed 0h:00m:02s; CPU Time elapsed 0h:00m:01s; Memory used current: 169MB peak: 169MB)


Finished clock optimization phase (Real Time elapsed 0h:00m:02s; CPU Time elapsed 0h:00m:01s; Memory used current: 170MB peak: 170MB)


Starting clock optimization report phase (Real Time elapsed 0h:00m:02s; CPU Time elapsed 0h:00m:01s; Memory used current: 170MB peak: 170MB)


Finished clock optimization report phase (Real Time elapsed 0h:00m:02s; CPU Time elapsed 0h:00m:01s; Memory used current: 170MB peak: 170MB)

@N: FX1184 |Applying syn_allowed_resources blockrams=26 on top level netlist word00 

Finished netlist restructuring (Real Time elapsed 0h:00m:02s; CPU Time elapsed 0h:00m:01s; Memory used current: 170MB peak: 170MB)



Clock Summary
******************

          Start                                Requested     Requested     Clock                                               Clock                   Clock
Level     Clock                                Frequency     Period        Type                                                Group                   Load 
------------------------------------------------------------------------------------------------------------------------------------------------------------
0 -       oscint00|osc_int0_inferred_clock     2.1 MHz       480.769       inferred                                            Inferred_clkgroup_0     23   
1 .         div00|oscOut_derived_clock         2.1 MHz       480.769       derived (from oscint00|osc_int0_inferred_clock)     Inferred_clkgroup_0     7    
============================================================================================================================================================



Clock Load Summary
***********************

                                     Clock     Source                          Clock Pin             Non-clock Pin     Non-clock Pin
Clock                                Load      Pin                             Seq Example           Seq Example       Comb Example 
------------------------------------------------------------------------------------------------------------------------------------
oscint00|osc_int0_inferred_clock     23        CW01.C00.OSCInst0.OSC(OSCH)     CW01.C01.oscOut.C     -                 -            
div00|oscOut_derived_clock           7         CW01.C01.oscOut.Q[0](dffe)      CW02.q_1[3:1].C       -                 -            
====================================================================================================================================

@W: MT529 :"d:\isc\semestre 2021-1\arquitectura de computadoras\practicas\22_word00\word00\source\div00.vhd":22:2:22:3|Found inferred clock oscint00|osc_int0_inferred_clock which controls 23 sequential elements including CW01.C01.sdiv[21:0]. This clock has no specified timing constraint which may prevent conversion of gated or generated clocks and may adversely impact design performance. 

ICG Latch Removal Summary:
Number of ICG latches removed: 0
Number of ICG latches not removed:	0


@S |Clock Optimization Summary



#### START OF PREMAP CLOCK OPTIMIZATION REPORT #####[

1 non-gated/non-generated clock tree(s) driving 23 clock pin(s) of sequential element(s)
1 gated/generated clock tree(s) driving 7 clock pin(s) of sequential element(s)
0 instances converted, 7 sequential instances remain driven by gated/generated clocks

================================ Non-Gated/Non-Generated Clocks =================================
Clock Tree ID     Driving Element           Drive Element Type     Fanout     Sample Instance    
-------------------------------------------------------------------------------------------------
@KP:ckid0_2       CW01.C00.OSCInst0.OSC     OSCH                   23         CW01.C01.sdiv[21:0]
=================================================================================================
=============================================================== Gated/Generated Clocks ================================================================
Clock Tree ID     Driving Element          Drive Element Type     Unconverted Fanout     Sample Instance     Explanation                               
-------------------------------------------------------------------------------------------------------------------------------------------------------
@KP:ckid0_0       CW01.C01.oscOut.Q[0]     dffe                   7                      CW02.qAux[3:0]      Derived clock on input (not legal for GCC)
=======================================================================================================================================================


##### END OF CLOCK OPTIMIZATION REPORT ######

@N: FX1143 |Skipping assigning INTERNAL_VREF to iobanks, because the table of mapping from pin to iobank is not initialized.
Finished Pre Mapping Phase.

Starting constraint checker (Real Time elapsed 0h:00m:07s; CPU Time elapsed 0h:00m:01s; Memory used current: 170MB peak: 170MB)


Finished constraint checker preprocessing (Real Time elapsed 0h:00m:08s; CPU Time elapsed 0h:00m:02s; Memory used current: 170MB peak: 171MB)


Finished constraint checker (Real Time elapsed 0h:00m:09s; CPU Time elapsed 0h:00m:02s; Memory used current: 171MB peak: 171MB)

Pre-mapping successful!

At Mapper Exit (Real Time elapsed 0h:00m:09s; CPU Time elapsed 0h:00m:02s; Memory used current: 91MB peak: 173MB)

Process took 0h:00m:09s realtime, 0h:00m:02s cputime
# Mon Mar 29 13:12:04 2021

###########################################################]
Map & Optimize Report

# Mon Mar 29 13:12:06 2021


Copyright (C) 1994-2020 Synopsys, Inc.
This Synopsys software and all associated documentation are proprietary to Synopsys, Inc.
and may only be used pursuant to the terms and conditions of a written license agreement
with Synopsys, Inc. All other use, reproduction, modification, or distribution of the
Synopsys software or the associated documentation is strictly prohibited.
Tool: Synplify Pro (R)
Build: Q-2020.03L-SP1
Install: C:\lscc\diamond\3.12\synpbase
OS: Windows 6.2

Hostname: DESKTOP-2I5LM3P

Implementation : word00
Synopsys Lattice Technology Mapper, Version map202003lat, Build 172R, Built Nov  2 2020 09:31:45, @


Mapper Startup Complete (Real Time elapsed 0h:00m:00s; CPU Time elapsed 0h:00m:00s; Memory used current: 117MB peak: 117MB)

@N: MF916 |Option synthesis_strategy=base is enabled. 
@N: MF248 |Running in 64-bit mode.
@N: MF666 |Clock conversion enabled. (Command "set_option -fix_gated_and_generated_clocks 1" in the project file.)

Design Input Complete (Real Time elapsed 0h:00m:00s; CPU Time elapsed 0h:00m:00s; Memory used current: 119MB peak: 129MB)


Mapper Initialization Complete (Real Time elapsed 0h:00m:00s; CPU Time elapsed 0h:00m:00s; Memory used current: 119MB peak: 129MB)


Start loading timing files (Real Time elapsed 0h:00m:01s; CPU Time elapsed 0h:00m:00s; Memory used current: 133MB peak: 133MB)


Finished loading timing files (Real Time elapsed 0h:00m:01s; CPU Time elapsed 0h:00m:00s; Memory used current: 135MB peak: 137MB)



Starting Optimization and Mapping (Real Time elapsed 0h:00m:01s; CPU Time elapsed 0h:00m:01s; Memory used current: 167MB peak: 167MB)


Available hyper_sources - for debug and ip models
	None Found


Finished RTL optimizations (Real Time elapsed 0h:00m:01s; CPU Time elapsed 0h:00m:01s; Memory used current: 171MB peak: 171MB)


Starting factoring (Real Time elapsed 0h:00m:02s; CPU Time elapsed 0h:00m:01s; Memory used current: 173MB peak: 173MB)


Finished factoring (Real Time elapsed 0h:00m:02s; CPU Time elapsed 0h:00m:01s; Memory used current: 173MB peak: 173MB)


Finished generic timing optimizations - Pass 1 (Real Time elapsed 0h:00m:02s; CPU Time elapsed 0h:00m:01s; Memory used current: 175MB peak: 175MB)


Starting Early Timing Optimization (Real Time elapsed 0h:00m:02s; CPU Time elapsed 0h:00m:01s; Memory used current: 175MB peak: 175MB)


Finished Early Timing Optimization (Real Time elapsed 0h:00m:02s; CPU Time elapsed 0h:00m:01s; Memory used current: 175MB peak: 176MB)


Finished generic timing optimizations - Pass 2 (Real Time elapsed 0h:00m:03s; CPU Time elapsed 0h:00m:02s; Memory used current: 175MB peak: 176MB)


Finished preparing to map (Real Time elapsed 0h:00m:03s; CPU Time elapsed 0h:00m:02s; Memory used current: 176MB peak: 176MB)


Finished technology mapping (Real Time elapsed 0h:00m:03s; CPU Time elapsed 0h:00m:02s; Memory used current: 178MB peak: 178MB)

Pass		 CPU time		Worst Slack		Luts / Registers
------------------------------------------------------------
   1		0h:00m:02s		   467.16ns		  47 /        30

Finished technology timing optimizations and critical path resynthesis (Real Time elapsed 0h:00m:04s; CPU Time elapsed 0h:00m:02s; Memory used current: 179MB peak: 179MB)

@N: FX164 |The option to pack registers in the IOB has not been specified. Please set syn_useioff attribute.  

Finished restoring hierarchy (Real Time elapsed 0h:00m:04s; CPU Time elapsed 0h:00m:02s; Memory used current: 179MB peak: 179MB)


Start Writing Netlists (Real Time elapsed 0h:00m:04s; CPU Time elapsed 0h:00m:02s; Memory used current: 142MB peak: 179MB)

Writing Analyst data base D:\ISC\Semestre 2021-1\Arquitectura de Computadoras\practicas\22_word00\word00\synwork\word00_word00_m.srm

Finished Writing Netlist Databases (Real Time elapsed 0h:00m:05s; CPU Time elapsed 0h:00m:03s; Memory used current: 179MB peak: 179MB)

Writing EDIF Netlist and constraint files
@N: FX1056 |Writing EDF file: D:\ISC\Semestre 2021-1\Arquitectura de Computadoras\practicas\22_word00\word00\word00_word00.edi
@N: BW106 |Synplicity Constraint File capacitance units using default value of 1pF 

Finished Writing EDIF Netlist and constraint files (Real Time elapsed 0h:00m:06s; CPU Time elapsed 0h:00m:03s; Memory used current: 184MB peak: 184MB)


Start final timing analysis (Real Time elapsed 0h:00m:07s; CPU Time elapsed 0h:00m:04s; Memory used current: 183MB peak: 184MB)

@W: MT420 |Found inferred clock oscint00|osc_int0_inferred_clock with period 480.77ns. Please declare a user-defined clock on net CW01.C00.clkaux.
@N: MT615 |Found clock div00|oscOut_derived_clock with period 480.77ns 


##### START OF TIMING REPORT #####[
# Timing report written on Mon Mar 29 13:12:14 2021
#


Top view:               word00
Requested Frequency:    2.1 MHz
Wire load mode:         top
Paths requested:        5
Constraint File(s):    
@N: MT320 |This timing report is an estimate of place and route data. For final timing results, use the FPGA vendor place and route report.

@N: MT322 |Clock constraints include only register-to-register paths associated with each individual clock.



Performance Summary
*******************


Worst slack in design: 466.412

                                     Requested     Estimated      Requested     Estimated                 Clock                                               Clock              
Starting Clock                       Frequency     Frequency      Period        Period        Slack       Type                                                Group              
---------------------------------------------------------------------------------------------------------------------------------------------------------------------------------
div00|oscOut_derived_clock           2.1 MHz       1509.0 MHz     480.769       0.663         960.213     derived (from oscint00|osc_int0_inferred_clock)     Inferred_clkgroup_0
oscint00|osc_int0_inferred_clock     2.1 MHz       69.7 MHz       480.769       14.357        466.412     inferred                                            Inferred_clkgroup_0
=================================================================================================================================================================================





Clock Relationships
*******************

Clocks                                                              |    rise  to  rise     |    fall  to  fall   |    rise  to  fall   |    fall  to  rise 
------------------------------------------------------------------------------------------------------------------------------------------------------------
Starting                          Ending                            |  constraint  slack    |  constraint  slack  |  constraint  slack  |  constraint  slack
------------------------------------------------------------------------------------------------------------------------------------------------------------
oscint00|osc_int0_inferred_clock  oscint00|osc_int0_inferred_clock  |  480.769     466.412  |  No paths    -      |  No paths    -      |  No paths    -    
div00|oscOut_derived_clock        div00|oscOut_derived_clock        |  480.769     960.213  |  No paths    -      |  No paths    -      |  No paths    -    
============================================================================================================================================================
 Note: 'No paths' indicates there are no paths in the design for that pair of clock edges.
       'Diff grp' indicates that paths exist but the starting clock and ending clock are in different clock groups.



Interface Information 
*********************

No IO constraint found



====================================
Detailed Report for Clock: div00|oscOut_derived_clock
====================================



Starting Points with Worst Slack
********************************

                 Starting                                                            Arrival            
Instance         Reference                      Type        Pin     Net              Time        Slack  
                 Clock                                                                                  
--------------------------------------------------------------------------------------------------------
CW02.qAux[3]     div00|oscOut_derived_clock     FD1S3DX     Q       outtran_c[0]     1.220       960.213
CW02.qAux[1]     div00|oscOut_derived_clock     FD1S3BX     Q       qAux[1]          1.044       960.389
CW02.qAux[2]     div00|oscOut_derived_clock     FD1S3BX     Q       qAux[2]          1.044       960.389
CW02.qAux[0]     div00|oscOut_derived_clock     FD1S3BX     Q       qAux[0]          0.972       960.461
========================================================================================================


Ending Points with Worst Slack
******************************

                 Starting                                                            Required            
Instance         Reference                      Type        Pin     Net              Time         Slack  
                 Clock                                                                                   
---------------------------------------------------------------------------------------------------------
CW02.qAux[2]     div00|oscOut_derived_clock     FD1S3BX     D       outtran_c[0]     961.433      960.213
CW02.q_1[3]      div00|oscOut_derived_clock     FD1S3DX     D       outtran_c[0]     961.433      960.213
CW02.qAux[0]     div00|oscOut_derived_clock     FD1S3BX     D       qAux[1]          961.433      960.389
CW02.qAux[1]     div00|oscOut_derived_clock     FD1S3BX     D       qAux[2]          961.433      960.389
CW02.q_1[1]      div00|oscOut_derived_clock     FD1S3DX     D       qAux[1]          961.433      960.389
CW02.q_1[2]      div00|oscOut_derived_clock     FD1S3DX     D       qAux[2]          961.433      960.389
CW02.qAux[3]     div00|oscOut_derived_clock     FD1S3DX     D       qAux[0]          961.433      960.461
=========================================================================================================



Worst Path Information
***********************


Path information for path number 1: 
      Requested Period:                      961.538
    - Setup time:                            0.106
    + Clock delay at ending point:           0.000 (ideal)
    = Required time:                         961.433

    - Propagation time:                      1.220
    - Clock delay at starting point:         0.000 (ideal)
    = Slack (non-critical) :                 960.213

    Number of logic level(s):                0
    Starting point:                          CW02.qAux[3] / Q
    Ending point:                            CW02.qAux[2] / D
    The start point is clocked by            div00|oscOut_derived_clock [rising] (rise=0.000 fall=240.385 period=480.769) on pin CK
    The end   point is clocked by            div00|oscOut_derived_clock [rising] (rise=0.000 fall=240.385 period=480.769) on pin CK
    -Timing constraint applied as multi cycle path with factor 2 (from c:div00|oscOut_derived_clock to c:div00|oscOut_derived_clock)

Instance / Net                 Pin      Pin               Arrival     No. of    
Name               Type        Name     Dir     Delay     Time        Fan Out(s)
--------------------------------------------------------------------------------
CW02.qAux[3]       FD1S3DX     Q        Out     1.220     1.220 r     -         
outtran_c[0]       Net         -        -       -         -           8         
CW02.qAux[2]       FD1S3BX     D        In      0.000     1.220 r     -         
================================================================================




====================================
Detailed Report for Clock: oscint00|osc_int0_inferred_clock
====================================



Starting Points with Worst Slack
********************************

                      Starting                                                              Arrival            
Instance              Reference                            Type        Pin     Net          Time        Slack  
                      Clock                                                                                    
---------------------------------------------------------------------------------------------------------------
CW01.C01.sdiv[0]      oscint00|osc_int0_inferred_clock     FD1S3IX     Q       sdiv[0]      1.044       466.412
CW01.C01.sdiv[1]      oscint00|osc_int0_inferred_clock     FD1S3IX     Q       sdiv[1]      1.044       466.412
CW01.C01.sdiv[6]      oscint00|osc_int0_inferred_clock     FD1S3IX     Q       sdiv[6]      1.044       466.412
CW01.C01.sdiv[7]      oscint00|osc_int0_inferred_clock     FD1S3IX     Q       sdiv[7]      1.044       466.412
CW01.C01.sdiv[21]     oscint00|osc_int0_inferred_clock     FD1S3IX     Q       sdiv[21]     1.180       467.285
CW01.C01.sdiv[19]     oscint00|osc_int0_inferred_clock     FD1S3IX     Q       sdiv[19]     1.148       467.317
CW01.C01.sdiv[20]     oscint00|osc_int0_inferred_clock     FD1S3IX     Q       sdiv[20]     1.148       467.317
CW01.C01.sdiv[16]     oscint00|osc_int0_inferred_clock     FD1S3IX     Q       sdiv[16]     1.148       467.325
CW01.C01.sdiv[14]     oscint00|osc_int0_inferred_clock     FD1S3IX     Q       sdiv[14]     1.108       467.365
CW01.C01.sdiv[2]      oscint00|osc_int0_inferred_clock     FD1S3IX     Q       sdiv[2]      1.044       467.429
===============================================================================================================


Ending Points with Worst Slack
******************************

                      Starting                                                                 Required            
Instance              Reference                            Type        Pin     Net             Time         Slack  
                      Clock                                                                                        
-------------------------------------------------------------------------------------------------------------------
CW01.C01.sdiv[21]     oscint00|osc_int0_inferred_clock     FD1S3IX     D       sdiv_11[21]     480.664      466.412
CW01.C01.sdiv[19]     oscint00|osc_int0_inferred_clock     FD1S3IX     D       sdiv_11[19]     480.664      466.555
CW01.C01.sdiv[20]     oscint00|osc_int0_inferred_clock     FD1S3IX     D       sdiv_11[20]     480.664      466.555
CW01.C01.sdiv[17]     oscint00|osc_int0_inferred_clock     FD1S3IX     D       sdiv_11[17]     480.664      466.697
CW01.C01.sdiv[18]     oscint00|osc_int0_inferred_clock     FD1S3IX     D       sdiv_11[18]     480.664      466.697
CW01.C01.sdiv[15]     oscint00|osc_int0_inferred_clock     FD1S3IX     D       sdiv_11[15]     480.664      466.840
CW01.C01.sdiv[16]     oscint00|osc_int0_inferred_clock     FD1S3IX     D       sdiv_11[16]     480.664      466.840
CW01.C01.sdiv[13]     oscint00|osc_int0_inferred_clock     FD1S3IX     D       sdiv_11[13]     480.664      466.983
CW01.C01.sdiv[14]     oscint00|osc_int0_inferred_clock     FD1S3IX     D       sdiv_11[14]     480.664      466.983
CW01.C01.sdiv[11]     oscint00|osc_int0_inferred_clock     FD1S3IX     D       sdiv_11[11]     480.664      467.126
===================================================================================================================



Worst Path Information
***********************


Path information for path number 1: 
      Requested Period:                      480.769
    - Setup time:                            0.106
    + Clock delay at ending point:           0.000 (ideal)
    = Required time:                         480.664

    - Propagation time:                      14.252
    - Clock delay at starting point:         0.000 (ideal)
    = Slack (critical) :                     466.412

    Number of logic level(s):                20
    Starting point:                          CW01.C01.sdiv[0] / Q
    Ending point:                            CW01.C01.sdiv[21] / D
    The start point is clocked by            oscint00|osc_int0_inferred_clock [rising] (rise=0.000 fall=240.385 period=480.769) on pin CK
    The end   point is clocked by            oscint00|osc_int0_inferred_clock [rising] (rise=0.000 fall=240.385 period=480.769) on pin CK

Instance / Net                                                Pin      Pin               Arrival      No. of    
Name                                             Type         Name     Dir     Delay     Time         Fan Out(s)
----------------------------------------------------------------------------------------------------------------
CW01.C01.sdiv[0]                                 FD1S3IX      Q        Out     1.044     1.044 r      -         
sdiv[0]                                          Net          -        -       -         -            2         
CW01.C01.pdiv\.oscout60lto21_i_a2_1_6            ORCALUT4     A        In      0.000     1.044 r      -         
CW01.C01.pdiv\.oscout60lto21_i_a2_1_6            ORCALUT4     Z        Out     1.017     2.061 f      -         
oscout60lto21_i_a2_1_6                           Net          -        -       -         -            1         
CW01.C01.pdiv\.oscout60lto21_i_a2_1_8            ORCALUT4     A        In      0.000     2.061 f      -         
CW01.C01.pdiv\.oscout60lto21_i_a2_1_8            ORCALUT4     Z        Out     1.089     3.149 f      -         
oscout60lto21_i_a2_1_8                           Net          -        -       -         -            2         
CW01.C01.pdiv\.oscout44lto21_i_a2                ORCALUT4     C        In      0.000     3.149 f      -         
CW01.C01.pdiv\.oscout44lto21_i_a2                ORCALUT4     Z        Out     1.153     4.302 f      -         
N_77                                             Net          -        -       -         -            3         
CW01.C01.pdiv\.oscout28lto21_i_a2_0              ORCALUT4     C        In      0.000     4.302 f      -         
CW01.C01.pdiv\.oscout28lto21_i_a2_0              ORCALUT4     Z        Out     1.153     5.455 f      -         
N_78                                             Net          -        -       -         -            3         
CW01.C01.pdiv\.oscout20lto21_i_a2_0              ORCALUT4     C        In      0.000     5.455 f      -         
CW01.C01.pdiv\.oscout20lto21_i_a2_0              ORCALUT4     Z        Out     1.153     6.608 f      -         
N_87                                             Net          -        -       -         -            3         
CW01.C01.pdiv\.oscout20lto21_i_a2_0_RNI9IJ22     ORCALUT4     D        In      0.000     6.608 f      -         
CW01.C01.pdiv\.oscout20lto21_i_a2_0_RNI9IJ22     ORCALUT4     Z        Out     1.017     7.625 r      -         
N_21                                             Net          -        -       -         -            1         
CW01.C01.pdiv\.oscout69_0_a3_RNIP4FAD            ORCALUT4     D        In      0.000     7.625 r      -         
CW01.C01.pdiv\.oscout69_0_a3_RNIP4FAD            ORCALUT4     Z        Out     1.089     8.713 r      -         
N_6                                              Net          -        -       -         -            2         
CW01.C01.un1_sdiv_cry_0_0_RNO                    ORCALUT4     A        In      0.000     8.713 r      -         
CW01.C01.un1_sdiv_cry_0_0_RNO                    ORCALUT4     Z        Out     1.017     9.730 f      -         
N_5_i                                            Net          -        -       -         -            1         
CW01.C01.un1_sdiv_cry_0_0                        CCU2D        B0       In      0.000     9.730 f      -         
CW01.C01.un1_sdiv_cry_0_0                        CCU2D        COUT     Out     1.544     11.275 r     -         
un1_sdiv_cry_0                                   Net          -        -       -         -            1         
CW01.C01.un1_sdiv_cry_1_0                        CCU2D        CIN      In      0.000     11.275 r     -         
CW01.C01.un1_sdiv_cry_1_0                        CCU2D        COUT     Out     0.143     11.418 r     -         
un1_sdiv_cry_2                                   Net          -        -       -         -            1         
CW01.C01.un1_sdiv_cry_3_0                        CCU2D        CIN      In      0.000     11.418 r     -         
CW01.C01.un1_sdiv_cry_3_0                        CCU2D        COUT     Out     0.143     11.560 r     -         
un1_sdiv_cry_4                                   Net          -        -       -         -            1         
CW01.C01.un1_sdiv_cry_5_0                        CCU2D        CIN      In      0.000     11.560 r     -         
CW01.C01.un1_sdiv_cry_5_0                        CCU2D        COUT     Out     0.143     11.703 r     -         
un1_sdiv_cry_6                                   Net          -        -       -         -            1         
CW01.C01.un1_sdiv_cry_7_0                        CCU2D        CIN      In      0.000     11.703 r     -         
CW01.C01.un1_sdiv_cry_7_0                        CCU2D        COUT     Out     0.143     11.846 r     -         
un1_sdiv_cry_8                                   Net          -        -       -         -            1         
CW01.C01.un1_sdiv_cry_9_0                        CCU2D        CIN      In      0.000     11.846 r     -         
CW01.C01.un1_sdiv_cry_9_0                        CCU2D        COUT     Out     0.143     11.989 r     -         
un1_sdiv_cry_10                                  Net          -        -       -         -            1         
CW01.C01.un1_sdiv_cry_11_0                       CCU2D        CIN      In      0.000     11.989 r     -         
CW01.C01.un1_sdiv_cry_11_0                       CCU2D        COUT     Out     0.143     12.132 r     -         
un1_sdiv_cry_12                                  Net          -        -       -         -            1         
CW01.C01.un1_sdiv_cry_13_0                       CCU2D        CIN      In      0.000     12.132 r     -         
CW01.C01.un1_sdiv_cry_13_0                       CCU2D        COUT     Out     0.143     12.274 r     -         
un1_sdiv_cry_14                                  Net          -        -       -         -            1         
CW01.C01.un1_sdiv_cry_15_0                       CCU2D        CIN      In      0.000     12.274 r     -         
CW01.C01.un1_sdiv_cry_15_0                       CCU2D        COUT     Out     0.143     12.417 r     -         
un1_sdiv_cry_16                                  Net          -        -       -         -            1         
CW01.C01.un1_sdiv_cry_17_0                       CCU2D        CIN      In      0.000     12.417 r     -         
CW01.C01.un1_sdiv_cry_17_0                       CCU2D        COUT     Out     0.143     12.560 r     -         
un1_sdiv_cry_18                                  Net          -        -       -         -            1         
CW01.C01.un1_sdiv_cry_19_0                       CCU2D        CIN      In      0.000     12.560 r     -         
CW01.C01.un1_sdiv_cry_19_0                       CCU2D        COUT     Out     0.143     12.703 r     -         
un1_sdiv_cry_20                                  Net          -        -       -         -            1         
CW01.C01.un1_sdiv_s_21_0                         CCU2D        CIN      In      0.000     12.703 r     -         
CW01.C01.un1_sdiv_s_21_0                         CCU2D        S0       Out     1.549     14.252 r     -         
sdiv_11[21]                                      Net          -        -       -         -            1         
CW01.C01.sdiv[21]                                FD1S3IX      D        In      0.000     14.252 r     -         
================================================================================================================



##### END OF TIMING REPORT #####]

Timing exceptions that could not be applied

Finished final timing analysis (Real Time elapsed 0h:00m:08s; CPU Time elapsed 0h:00m:04s; Memory used current: 184MB peak: 184MB)


Finished timing report (Real Time elapsed 0h:00m:08s; CPU Time elapsed 0h:00m:04s; Memory used current: 184MB peak: 184MB)

---------------------------------------
Resource Usage Report
Part: lcmxo2_7000he-4

Register bits: 30 of 6864 (0%)
PIC Latch:       0
I/O cells:       18


Details:
CCU2D:          12
FD1S3AX:        1
FD1S3BX:        3
FD1S3DX:        4
FD1S3IX:        22
GSR:            1
IB:             6
OB:             12
ORCALUT4:       47
OSCH:           1
PUR:            1
VHI:            3
VLO:            3
Mapper successful!

At Mapper Exit (Real Time elapsed 0h:00m:08s; CPU Time elapsed 0h:00m:04s; Memory used current: 64MB peak: 184MB)

Process took 0h:00m:08s realtime, 0h:00m:04s cputime
# Mon Mar 29 13:12:16 2021

###########################################################]


Synthesis exit by 0.

edif2ngd  -l "MachXO2" -d LCMXO2-7000HE -path "D:/ISC/Semestre 2021-1/Arquitectura de Computadoras/practicas/22_word00/word00" -path "D:/ISC/Semestre 2021-1/Arquitectura de Computadoras/practicas/22_word00"   "D:/ISC/Semestre 2021-1/Arquitectura de Computadoras/practicas/22_word00/word00/word00_word00.edi" "word00_word00.ngo"   
edif2ngd:  version Diamond (64-bit) 3.12.0.240.2

Copyright (c) 1991-1994 by NeoCAD Inc. All rights reserved.
Copyright (c) 1995 AT&T Corp.   All rights reserved.
Copyright (c) 1995-2001 Lucent Technologies Inc.  All rights reserved.
Copyright (c) 2001 Agere Systems   All rights reserved.
Copyright (c) 2002-2020 Lattice Semiconductor Corporation,  All rights reserved.
Writing the design to word00_word00.ngo...

Total CPU Time: 0 secs  
Total REAL Time: 0 secs  
Peak Memory Usage: 10 MB


ngdbuild  -a "MachXO2" -d LCMXO2-7000HE  -p "C:/lscc/diamond/3.12/ispfpga/xo2c00/data"  -p "D:/ISC/Semestre 2021-1/Arquitectura de Computadoras/practicas/22_word00/word00" -p "D:/ISC/Semestre 2021-1/Arquitectura de Computadoras/practicas/22_word00"  "word00_word00.ngo" "word00_word00.ngd"  	
ngdbuild:  version Diamond (64-bit) 3.12.0.240.2

Copyright (c) 1991-1994 by NeoCAD Inc. All rights reserved.
Copyright (c) 1995 AT&T Corp.   All rights reserved.
Copyright (c) 1995-2001 Lucent Technologies Inc.  All rights reserved.
Copyright (c) 2001 Agere Systems   All rights reserved.
Copyright (c) 2002-2020 Lattice Semiconductor Corporation,  All rights reserved.
Reading 'word00_word00.ngo' ...
Loading NGL library 'C:/lscc/diamond/3.12/ispfpga/xo2c00a/data/xo2alib.ngl'...
Loading NGL library 'C:/lscc/diamond/3.12/ispfpga/xo2c00/data/xo2clib.ngl'...
Loading NGL library 'C:/lscc/diamond/3.12/ispfpga/mg5g00/data/mg5glib.ngl'...
Loading NGL library 'C:/lscc/diamond/3.12/ispfpga/or5g00/data/orc5glib.ngl'...


Running DRC...

    <postMsg mid="1166052" type="Warning" dynamic="2" navigation="1" arg0="logical" arg1="CW01/C00/OSCInst0_SEDSTDBY" arg2="CW01/C00/OSCInst0_SEDSTDBY"  />
    <postMsg mid="1163101" type="Warning" dynamic="1" navigation="0" arg0="1"  />

Design Results:
    115 blocks expanded
Complete the first expansion.
Writing 'word00_word00.ngd' ...
Total CPU Time: 0 secs 
Total REAL Time: 0 secs 
Peak Memory Usage: 17 MB


map -a "MachXO2" -p LCMXO2-7000HE -t TQFP144 -s 4 -oc Industrial   "word00_word00.ngd" -o "word00_word00_map.ncd" -pr "word00_word00.prf" -mp "word00_word00.mrp" -lpf "D:/ISC/Semestre 2021-1/Arquitectura de Computadoras/practicas/22_word00/word00/word00_word00_synplify.lpf" -lpf "D:/ISC/Semestre 2021-1/Arquitectura de Computadoras/practicas/22_word00/word00.lpf"  -c 0           
map:  version Diamond (64-bit) 3.12.0.240.2

Copyright (c) 1991-1994 by NeoCAD Inc. All rights reserved.
Copyright (c) 1995 AT&T Corp.   All rights reserved.
Copyright (c) 1995-2001 Lucent Technologies Inc.  All rights reserved.
Copyright (c) 2001 Agere Systems   All rights reserved.
Copyright (c) 2002-2020 Lattice Semiconductor Corporation,  All rights reserved.
   Process the file: word00_word00.ngd
   Picdevice="LCMXO2-7000HE"

   Pictype="TQFP144"

   Picspeed=4

   Remove unused logic

   Do not produce over sized NCDs.

Part used: LCMXO2-7000HETQFP144, Performance used: 4.

Loading device for application map from file 'xo2c7000.nph' in environment: C:/lscc/diamond/3.12/ispfpga.
Package Status:                     Final          Version 1.39.

Running general design DRC...

Removing unused logic...

Optimizing...

    <postMsg mid="51001030" type="Warning" dynamic="1" navigation="0" arg0="en0_c"  />



Design Summary:
   Number of registers:     30 out of  7209 (0%)
      PFU registers:           30 out of  6864 (0%)
      PIO registers:            0 out of   345 (0%)
   Number of SLICEs:        36 out of  3432 (1%)
      SLICEs as Logic/ROM:     36 out of  3432 (1%)
      SLICEs as RAM:            0 out of  2574 (0%)
      SLICEs as Carry:         12 out of  3432 (0%)
   Number of LUT4s:         71 out of  6864 (1%)
      Number used as logic LUTs:         47
      Number used as distributed RAM:     0
      Number used as ripple logic:       24
      Number used as shift registers:     0
   Number of PIO sites used: 18 + 4(JTAG) out of 115 (19%)
   Number of block RAMs:  0 out of 26 (0%)
   Number of GSRs:        1 out of 1 (100%)
   EFB used :        No
   JTAG used :       No
   Readback used :   No
   Oscillator used : Yes
   Startup used :    No
   POR :             On
   Bandgap :         On
   Number of Power Controller:  0 out of 1 (0%)
   Number of Dynamic Bank Controller (BCINRD):  0 out of 6 (0%)
   Number of Dynamic Bank Controller (BCLVDSO):  0 out of 1 (0%)
   Number of DCCA:  0 out of 8 (0%)
   Number of DCMA:  0 out of 2 (0%)
   Number of PLLs:  0 out of 2 (0%)
   Number of DQSDLLs:  0 out of 2 (0%)
   Number of CLKDIVC:  0 out of 4 (0%)
   Number of ECLKSYNCA:  0 out of 4 (0%)
   Number of ECLKBRIDGECS:  0 out of 2 (0%)
   Notes:-
      1. Total number of LUT4s = (Number of logic LUT4s) + 2*(Number of distributed RAMs) + 2*(Number of ripple logic)
      2. Number of logic LUT4s does not include count of distributed RAM and ripple logic.
   Number of clocks:  2
     Net clkout0_c: 4 loads, 4 rising, 0 falling (Driver: CW01/C01/oscOut )
     Net CW01/clkaux: 13 loads, 13 rising, 0 falling (Driver: CW01/C00/OSCInst0 )
   Number of Clock Enables:  0
   Number of local set/reset loads for net en0_c merged into GSR:  7
   Number of LSRs:  1
     Net CW01/C01/oscOut_0_sqmuxa_1_0_i_a3_RNIALD5E: 12 loads, 12 LSLICEs
   Number of nets driven by tri-state buffers:  0
   Top 10 highest fanout non-clock nets:
     Net CW01/C01/oscOut_0_sqmuxa_1_0_i_a3_RNIALD5E: 13 loads
     Net cdiv0_c[0]: 10 loads
     Net cdiv0_c[1]: 9 loads
     Net cdiv0_c[2]: 8 loads
     Net outtran_c[0]: 8 loads
     Net outtran_c[1]: 6 loads
     Net outtran_c[2]: 6 loads
     Net outtran_c[3]: 6 loads
     Net CW01/C01/N_68: 5 loads
     Net CW01/C01/sdiv[15]: 5 loads
 

   Number of warnings:  1
   Number of errors:    0



Total CPU Time: 0 secs  
Total REAL Time: 0 secs  
Peak Memory Usage: 57 MB

Dumping design to file word00_word00_map.ncd.

mpartrce -p "word00_word00.p2t" -f "word00_word00.p3t" -tf "word00_word00.pt" "word00_word00_map.ncd" "word00_word00.ncd"

---- MParTrce Tool ----
Removing old design directory at request of -rem command line option to this program.
Running par. Please wait . . .

Lattice Place and Route Report for Design "word00_word00_map.ncd"
Mon Mar 29 13:12:36 2021

PAR: Place And Route Diamond (64-bit) 3.12.0.240.2.
Command Line: par -w -l 5 -i 6 -t 1 -c 0 -e 0 -gui -msgset "D:/ISC/Semestre 2021-1/Arquitectura de Computadoras/practicas/22_word00/promote.xml" -exp parUseNBR=1:parCDP=0:parCDR=0:parPathBased=OFF:parASE=1 word00_word00_map.ncd word00_word00.dir/5_1.ncd word00_word00.prf
Preference file: word00_word00.prf.
Placement level-cost: 5-1.
Routing Iterations: 6

Loading design for application par from file word00_word00_map.ncd.
Design name: word00
NCD version: 3.3
Vendor:      LATTICE
Device:      LCMXO2-7000HE
Package:     TQFP144
Performance: 4
Loading device for application par from file 'xo2c7000.nph' in environment: C:/lscc/diamond/3.12/ispfpga.
Package Status:                     Final          Version 1.39.
Performance Hardware Data Status:   Final          Version 34.4.
License checked out.


Ignore Preference Error(s):  True
Device utilization summary:

   PIO (prelim)   18+4(JTAG)/336     7% used
                  18+4(JTAG)/115     19% bonded

   SLICE             36/3432          1% used

   GSR                1/1           100% used
   OSC                1/1           100% used


Number of Signals: 117
Number of Connections: 273

Pin Constraint Summary:
   18 out of 18 pins locked (100% locked).

The following 1 signal is selected to use the primary clock routing resources:
    CW01/clkaux (driver: CW01/C00/OSCInst0, clk load #: 13)


The following 1 signal is selected to use the secondary clock routing resources:
    CW01/C01/oscOut_0_sqmuxa_1_0_i_a3_RNIALD5E (driver: CW01/C01/SLICE_14, clk load #: 0, sr load #: 12, ce load #: 0)

Signal en0_c is selected as Global Set/Reset.
Starting Placer Phase 0.

Finished Placer Phase 0.  REAL time: 0 secs 

Starting Placer Phase 1.
..................
Placer score = 15359.
Finished Placer Phase 1.  REAL time: 7 secs 

Starting Placer Phase 2.
.
Placer score =  15359
Finished Placer Phase 2.  REAL time: 7 secs 


------------------ Clock Report ------------------

Global Clock Resources:
  CLK_PIN    : 0 out of 8 (0%)
  PLL        : 0 out of 2 (0%)
  DCM        : 0 out of 2 (0%)
  DCC        : 0 out of 8 (0%)

Global Clocks:
  PRIMARY "CW01/clkaux" from OSC on comp "CW01/C00/OSCInst0" on site "OSC", clk load = 13
  SECONDARY "CW01/C01/oscOut_0_sqmuxa_1_0_i_a3_RNIALD5E" from F1 on comp "CW01/C01/SLICE_14" on site "R21C18A", clk load = 0, ce load = 0, sr load = 12

  PRIMARY  : 1 out of 8 (12%)
  SECONDARY: 1 out of 8 (12%)

Edge Clocks:
  No edge clock selected.

--------------- End of Clock Report ---------------


I/O Usage Summary (final):
   18 + 4(JTAG) out of 336 (6.5%) PIO sites used.
   18 + 4(JTAG) out of 115 (19.1%) bonded PIO sites used.
   Number of PIO comps: 18; differential: 0.
   Number of Vref pins used: 0.

I/O Bank Usage Summary:
+----------+----------------+------------+-----------+
| I/O Bank | Usage          | Bank Vccio | Bank Vref |
+----------+----------------+------------+-----------+
| 0        | 0 / 28 (  0%)  | -          | -         |
| 1        | 0 / 29 (  0%)  | -          | -         |
| 2        | 6 / 29 ( 20%)  | 2.5V       | -         |
| 3        | 1 / 9 ( 11%)   | 2.5V       | -         |
| 4        | 1 / 10 ( 10%)  | 2.5V       | -         |
| 5        | 10 / 10 (100%) | 2.5V       | -         |
+----------+----------------+------------+-----------+

Total placer CPU time: 7 secs 

Dumping design to file word00_word00.dir/5_1.ncd.

0 connections routed; 273 unrouted.
Starting router resource preassignment

    <postMsg mid="66011008" type="Warning" dynamic="1" navigation="0" arg0="&#xA;   Signal=clkout0_c loads=6 clock_loads=4"  />

Completed router resource preassignment. Real time: 10 secs 

Start NBR router at 13:12:46 03/29/21

*****************************************************************
Info: NBR allows conflicts(one node used by more than one signal)
      in the earlier iterations. In each iteration, it tries to  
      solve the conflicts while keeping the critical connections 
      routed as short as possible. The routing process is said to
      be completed when no conflicts exist and all connections   
      are routed.                                                
Note: NBR uses a different method to calculate timing slacks. The
      worst slack and total negative slack may not be the same as
      that in TRCE report. You should always run TRCE to verify  
      your design.                                               
*****************************************************************

Start NBR special constraint process at 13:12:46 03/29/21

Start NBR section for initial routing at 13:12:47 03/29/21
Level 4, iteration 1
3(0.00%) conflicts; 0(0.00%) untouched conn; 0 (nbr) score; 
Estimated worst slack/total negative slack<setup>: 464.477ns/0.000ns; real time: 11 secs 

Info: Initial congestion level at 75% usage is 0
Info: Initial congestion area  at 75% usage is 0 (0.00%)

Start NBR section for normal routing at 13:12:47 03/29/21
Level 4, iteration 1
3(0.00%) conflicts; 0(0.00%) untouched conn; 0 (nbr) score; 
Estimated worst slack/total negative slack<setup>: 464.477ns/0.000ns; real time: 11 secs 
Level 4, iteration 2
1(0.00%) conflict; 0(0.00%) untouched conn; 0 (nbr) score; 
Estimated worst slack/total negative slack<setup>: 464.477ns/0.000ns; real time: 11 secs 
Level 4, iteration 3
0(0.00%) conflict; 0(0.00%) untouched conn; 0 (nbr) score; 
Estimated worst slack/total negative slack<setup>: 464.477ns/0.000ns; real time: 11 secs 

Start NBR section for setup/hold timing optimization with effort level 3 at 13:12:47 03/29/21

Start NBR section for re-routing at 13:12:47 03/29/21
Level 4, iteration 1
0(0.00%) conflict; 0(0.00%) untouched conn; 0 (nbr) score; 
Estimated worst slack/total negative slack<setup>: 464.477ns/0.000ns; real time: 11 secs 

Start NBR section for post-routing at 13:12:47 03/29/21

End NBR router with 0 unrouted connection

NBR Summary
-----------
  Number of unrouted connections : 0 (0.00%)
  Number of connections with timing violations : 0 (0.00%)
  Estimated worst slack<setup> : 464.477ns
  Timing score<setup> : 0
-----------
Notes: The timing info is calculated for SETUP only and all PAR_ADJs are ignored.



    <postMsg mid="66011008" type="Warning" dynamic="1" navigation="0" arg0="&#xA;   Signal=clkout0_c loads=6 clock_loads=4"  />

Total CPU time 11 secs 
Total REAL time: 12 secs 
Completely routed.
End of route.  273 routed (100.00%); 0 unrouted.

Hold time timing score: 0, hold timing errors: 0

Timing score: 0 

Dumping design to file word00_word00.dir/5_1.ncd.


PAR_SUMMARY::Run status = Completed
PAR_SUMMARY::Number of unrouted conns = 0
PAR_SUMMARY::Worst  slack<setup/<ns>> = 464.477
PAR_SUMMARY::Timing score<setup/<ns>> = 0.000
PAR_SUMMARY::Worst  slack<hold /<ns>> = 0.372
PAR_SUMMARY::Timing score<hold /<ns>> = 0.000
PAR_SUMMARY::Number of errors = 0

Total CPU  time to completion: 11 secs 
Total REAL time to completion: 13 secs 

par done!

Note: user must run 'Trace' for timing closure signoff.

Copyright (c) 1991-1994 by NeoCAD Inc. All rights reserved.
Copyright (c) 1995 AT&T Corp.   All rights reserved.
Copyright (c) 1995-2001 Lucent Technologies Inc.  All rights reserved.
Copyright (c) 2001 Agere Systems   All rights reserved.
Copyright (c) 2002-2020 Lattice Semiconductor Corporation,  All rights reserved.
Exiting par with exit code 0
Exiting mpartrce with exit code 0

trce -f "word00_word00.pt" -o "word00_word00.twr" "word00_word00.ncd" "word00_word00.prf"
trce:  version Diamond (64-bit) 3.12.0.240.2

Copyright (c) 1991-1994 by NeoCAD Inc. All rights reserved.
Copyright (c) 1995 AT&T Corp.   All rights reserved.
Copyright (c) 1995-2001 Lucent Technologies Inc.  All rights reserved.
Copyright (c) 2001 Agere Systems   All rights reserved.
Copyright (c) 2002-2020 Lattice Semiconductor Corporation,  All rights reserved.

Loading design for application trce from file word00_word00.ncd.
Design name: word00
NCD version: 3.3
Vendor:      LATTICE
Device:      LCMXO2-7000HE
Package:     TQFP144
Performance: 4
Loading device for application trce from file 'xo2c7000.nph' in environment: C:/lscc/diamond/3.12/ispfpga.
Package Status:                     Final          Version 1.39.
Performance Hardware Data Status:   Final          Version 34.4.
Setup and Hold Report

--------------------------------------------------------------------------------
Lattice TRACE Report - Setup, Version Diamond (64-bit) 3.12.0.240.2
Mon Mar 29 13:12:51 2021

Copyright (c) 1991-1994 by NeoCAD Inc. All rights reserved.
Copyright (c) 1995 AT&T Corp.   All rights reserved.
Copyright (c) 1995-2001 Lucent Technologies Inc.  All rights reserved.
Copyright (c) 2001 Agere Systems   All rights reserved.
Copyright (c) 2002-2020 Lattice Semiconductor Corporation,  All rights reserved.

Report Information
------------------
Command line:    trce -v 10 -gt -sethld -sp 4 -sphld m -o word00_word00.twr -gui -msgset D:/ISC/Semestre 2021-1/Arquitectura de Computadoras/practicas/22_word00/promote.xml word00_word00.ncd word00_word00.prf 
Design file:     word00_word00.ncd
Preference file: word00_word00.prf
Device,speed:    LCMXO2-7000HE,4
Report level:    verbose report, limited to 10 items per preference
--------------------------------------------------------------------------------

BLOCK ASYNCPATHS
BLOCK RESETPATHS
--------------------------------------------------------------------------------



Timing summary (Setup):
---------------

Timing errors: 0  Score: 0
Cumulative negative slack: 0

Constraints cover 6770 paths, 1 nets, and 218 connections (79.85% coverage)

--------------------------------------------------------------------------------
Lattice TRACE Report - Hold, Version Diamond (64-bit) 3.12.0.240.2
Mon Mar 29 13:12:51 2021

Copyright (c) 1991-1994 by NeoCAD Inc. All rights reserved.
Copyright (c) 1995 AT&T Corp.   All rights reserved.
Copyright (c) 1995-2001 Lucent Technologies Inc.  All rights reserved.
Copyright (c) 2001 Agere Systems   All rights reserved.
Copyright (c) 2002-2020 Lattice Semiconductor Corporation,  All rights reserved.

Report Information
------------------
Command line:    trce -v 10 -gt -sethld -sp 4 -sphld m -o word00_word00.twr -gui -msgset D:/ISC/Semestre 2021-1/Arquitectura de Computadoras/practicas/22_word00/promote.xml word00_word00.ncd word00_word00.prf 
Design file:     word00_word00.ncd
Preference file: word00_word00.prf
Device,speed:    LCMXO2-7000HE,m
Report level:    verbose report, limited to 10 items per preference
--------------------------------------------------------------------------------

BLOCK ASYNCPATHS
BLOCK RESETPATHS
--------------------------------------------------------------------------------



Timing summary (Hold):
---------------

Timing errors: 0  Score: 0
Cumulative negative slack: 0

Constraints cover 6770 paths, 1 nets, and 218 connections (79.85% coverage)



Timing summary (Setup and Hold):
---------------

Timing errors: 0 (setup), 0 (hold)
Score: 0 (setup), 0 (hold)
Cumulative negative slack: 0 (0+0)
--------------------------------------------------------------------------------

--------------------------------------------------------------------------------

Total CPU Time: 1 secs 
Total REAL Time: 2 secs 
Peak Memory Usage: 66 MB


tmcheck -par "word00_word00.par" 

bitgen -f "word00_word00.t2b" -w "word00_word00.ncd"  -jedec "word00_word00.prf"


BITGEN: Bitstream Generator Diamond (64-bit) 3.12.0.240.2
Copyright (c) 1991-1994 by NeoCAD Inc. All rights reserved.
Copyright (c) 1995 AT&T Corp.   All rights reserved.
Copyright (c) 1995-2001 Lucent Technologies Inc.  All rights reserved.
Copyright (c) 2001 Agere Systems   All rights reserved.
Copyright (c) 2002-2020 Lattice Semiconductor Corporation,  All rights reserved.


Loading design for application Bitgen from file word00_word00.ncd.
Design name: word00
NCD version: 3.3
Vendor:      LATTICE
Device:      LCMXO2-7000HE
Package:     TQFP144
Performance: 4
Loading device for application Bitgen from file 'xo2c7000.nph' in environment: C:/lscc/diamond/3.12/ispfpga.
Package Status:                     Final          Version 1.39.
Performance Hardware Data Status:   Final          Version 34.4.

Running DRC.
DRC detected 0 errors and 0 warnings.
Reading Preference File from word00_word00.prf.

Preference Summary:
+---------------------------------+---------------------------------+
|  Preference                     |  Current Setting                |
+---------------------------------+---------------------------------+
|                         RamCfg  |                        Reset**  |
+---------------------------------+---------------------------------+
|                     MCCLK_FREQ  |                         2.08**  |
+---------------------------------+---------------------------------+
|                  CONFIG_SECURE  |                          OFF**  |
+---------------------------------+---------------------------------+
|                          INBUF  |                           ON**  |
+---------------------------------+---------------------------------+
|                      JTAG_PORT  |                       ENABLE**  |
+---------------------------------+---------------------------------+
|                       SDM_PORT  |                      DISABLE**  |
+---------------------------------+---------------------------------+
|                 SLAVE_SPI_PORT  |                      DISABLE**  |
+---------------------------------+---------------------------------+
|                MASTER_SPI_PORT  |                      DISABLE**  |
+---------------------------------+---------------------------------+
|                       I2C_PORT  |                      DISABLE**  |
+---------------------------------+---------------------------------+
|        MUX_CONFIGURATION_PORTS  |                      DISABLE**  |
+---------------------------------+---------------------------------+
|                  CONFIGURATION  |                          CFG**  |
+---------------------------------+---------------------------------+
|                COMPRESS_CONFIG  |                           ON**  |
+---------------------------------+---------------------------------+
|                        MY_ASSP  |                          OFF**  |
+---------------------------------+---------------------------------+
|               ONE_TIME_PROGRAM  |                          OFF**  |
+---------------------------------+---------------------------------+
|                 ENABLE_TRANSFR  |                      DISABLE**  |
+---------------------------------+---------------------------------+
|                  SHAREDEBRINIT  |                      DISABLE**  |
+---------------------------------+---------------------------------+
|            BACKGROUND_RECONFIG  |                          OFF**  |
+---------------------------------+---------------------------------+
 *  Default setting.
 ** The specified setting matches the default setting.


Creating bit map...
 
Bitstream Status: Final           Version 1.95.
 
Saving bit stream in "word00_word00.jed".
 
===========
UFM Summary.
===========
UFM Size:        2046 Pages (128*2046 Bits).
UFM Utilization: General Purpose Flash Memory.
 
Available General Purpose Flash Memory: 2046 Pages (Page 0 to Page 2045).
Initialized UFM Pages:                     0 Page.
 
Total CPU Time: 5 secs 
Total REAL Time: 7 secs 
Peak Memory Usage: 289 MB
