Running in Lattice mode

Starting:    C:\lscc\diamond\3.12\synpbase\bin64\mbin\synbatch.exe
Install:     C:\lscc\diamond\3.12\synpbase
Hostname:    DESKTOP-2I5LM3P
Date:        Mon Mar 29 13:11:41 2021
Version:     Q-2020.03L-SP1

Arguments:   -product synplify_pro -batch word00_word00_synplify.tcl
ProductType: synplify_pro




Copied D:\ISC\Semestre 2021-1\Arquitectura de Computadoras\practicas\22_word00\word00\word00_word00.srr to D:\ISC\Semestre 2021-1\Arquitectura de Computadoras\practicas\22_word00\word00\backup\word00_word00.srr
log file: "D:\ISC\Semestre 2021-1\Arquitectura de Computadoras\practicas\22_word00\word00\word00_word00.srr"
Running: hdl_info_gen in foreground

Generating HDL info...
Copied D:\ISC\Semestre 2021-1\Arquitectura de Computadoras\practicas\22_word00\word00\word00_word00.srr to D:\ISC\Semestre 2021-1\Arquitectura de Computadoras\practicas\22_word00\word00\word00_word00.srf

hdl_info_gen completed
# Mon Mar 29 13:11:43 2021

Return Code: 0
Run Time:00h:00m:02s
log file: "D:\ISC\Semestre 2021-1\Arquitectura de Computadoras\practicas\22_word00\word00\word00_word00.srr"
Running: word00 in foreground

Running proj_1|word00

Running Flow: compile (Compile) on proj_1|word00
# Mon Mar 29 13:11:43 2021

Running Flow: compile_flow (Compile Process) on proj_1|word00
# Mon Mar 29 13:11:43 2021

Running: compiler (Compile Input) on proj_1|word00
# Mon Mar 29 13:11:43 2021
Copied D:\ISC\Semestre 2021-1\Arquitectura de Computadoras\practicas\22_word00\word00\synwork\word00_word00_comp.srs to D:\ISC\Semestre 2021-1\Arquitectura de Computadoras\practicas\22_word00\word00\word00_word00.srs

compiler completed
# Mon Mar 29 13:11:51 2021

Return Code: 0
Run Time:00h:00m:08s

Running: multi_srs_gen (Multi-srs Generator) on proj_1|word00
# Mon Mar 29 13:11:51 2021

multi_srs_gen completed
# Mon Mar 29 13:11:52 2021

Return Code: 0
Run Time:00h:00m:01s
Copied D:\ISC\Semestre 2021-1\Arquitectura de Computadoras\practicas\22_word00\word00\synwork\word00_word00_mult.srs to D:\ISC\Semestre 2021-1\Arquitectura de Computadoras\practicas\22_word00\word00\word00_word00.srs
Copied D:\ISC\Semestre 2021-1\Arquitectura de Computadoras\practicas\22_word00\word00\word00_word00.srr to D:\ISC\Semestre 2021-1\Arquitectura de Computadoras\practicas\22_word00\word00\word00_word00.srf
Complete: Compile Process on proj_1|word00

Running: premap (Premap) on proj_1|word00
# Mon Mar 29 13:11:52 2021

premap completed with warnings
# Mon Mar 29 13:12:05 2021

Return Code: 1
Run Time:00h:00m:13s
Complete: Compile on proj_1|word00

Running Flow: map (Map) on proj_1|word00
# Mon Mar 29 13:12:05 2021

Running: fpga_mapper (Map & Optimize) on proj_1|word00
# Mon Mar 29 13:12:05 2021
Copied D:\ISC\Semestre 2021-1\Arquitectura de Computadoras\practicas\22_word00\word00\synwork\word00_word00_m.srm to D:\ISC\Semestre 2021-1\Arquitectura de Computadoras\practicas\22_word00\word00\word00_word00.srm

fpga_mapper completed with warnings
# Mon Mar 29 13:12:17 2021

Return Code: 1
Run Time:00h:00m:12s
Complete: Map on proj_1|word00
Copied D:\ISC\Semestre 2021-1\Arquitectura de Computadoras\practicas\22_word00\word00\word00_word00.srr to D:\ISC\Semestre 2021-1\Arquitectura de Computadoras\practicas\22_word00\word00\word00_word00.srf
Complete: Logic Synthesis on proj_1|word00
TCL script complete: "word00_word00_synplify.tcl"
exit status=0
exit status=0
Save changes for project:
D:\ISC\Semestre 2021-1\Arquitectura de Computadoras\practicas\22_word00\word00\proj_1.prj
batch mode default:no
