Running in Lattice mode

Starting:    C:\lscc\diamond\3.12\synpbase\bin64\mbin\synbatch.exe
Install:     C:\lscc\diamond\3.12\synpbase
Hostname:    DESKTOP-2I5LM3P
Date:        Wed Apr 21 15:48:26 2021
Version:     Q-2020.03L-SP1

Arguments:   -product synplify_pro -batch key00_key00_synplify.tcl
ProductType: synplify_pro




log file: "D:\ISC\Semestre 2021-1\Arquitectura de Computadoras\practicas\Parcial02\01_key00\key00\key00_key00.srr"
Running: hdl_info_gen in foreground

Generating HDL info...

hdl_info_gen completed
# Wed Apr 21 15:48:28 2021

Return Code: 0
Run Time:00h:00m:01s
log file: "D:\ISC\Semestre 2021-1\Arquitectura de Computadoras\practicas\Parcial02\01_key00\key00\key00_key00.srr"
Running: key00 in foreground

Running proj_1|key00

Running Flow: compile (Compile) on proj_1|key00
# Wed Apr 21 15:48:28 2021

Running Flow: compile_flow (Compile Process) on proj_1|key00
# Wed Apr 21 15:48:28 2021

Running: compiler (Compile Input) on proj_1|key00
# Wed Apr 21 15:48:28 2021
Copied D:\ISC\Semestre 2021-1\Arquitectura de Computadoras\practicas\Parcial02\01_key00\key00\synwork\key00_key00_comp.srs to D:\ISC\Semestre 2021-1\Arquitectura de Computadoras\practicas\Parcial02\01_key00\key00\key00_key00.srs

compiler completed
# Wed Apr 21 15:48:32 2021

Return Code: 0
Run Time:00h:00m:04s

Running: multi_srs_gen (Multi-srs Generator) on proj_1|key00
# Wed Apr 21 15:48:32 2021

multi_srs_gen completed
# Wed Apr 21 15:48:32 2021

Return Code: 0
Run Time:00h:00m:00s
Copied D:\ISC\Semestre 2021-1\Arquitectura de Computadoras\practicas\Parcial02\01_key00\key00\synwork\key00_key00_mult.srs to D:\ISC\Semestre 2021-1\Arquitectura de Computadoras\practicas\Parcial02\01_key00\key00\key00_key00.srs
Copied D:\ISC\Semestre 2021-1\Arquitectura de Computadoras\practicas\Parcial02\01_key00\key00\key00_key00.srr to D:\ISC\Semestre 2021-1\Arquitectura de Computadoras\practicas\Parcial02\01_key00\key00\key00_key00.srf
Complete: Compile Process on proj_1|key00

Running: premap (Premap) on proj_1|key00
# Wed Apr 21 15:48:32 2021

premap completed with warnings
# Wed Apr 21 15:48:35 2021

Return Code: 1
Run Time:00h:00m:03s
Complete: Compile on proj_1|key00

Running Flow: map (Map) on proj_1|key00
# Wed Apr 21 15:48:35 2021

Running: fpga_mapper (Map & Optimize) on proj_1|key00
# Wed Apr 21 15:48:35 2021
Copied D:\ISC\Semestre 2021-1\Arquitectura de Computadoras\practicas\Parcial02\01_key00\key00\synwork\key00_key00_m.srm to D:\ISC\Semestre 2021-1\Arquitectura de Computadoras\practicas\Parcial02\01_key00\key00\key00_key00.srm

fpga_mapper completed with warnings
# Wed Apr 21 15:48:39 2021

Return Code: 1
Run Time:00h:00m:04s
Complete: Map on proj_1|key00
Copied D:\ISC\Semestre 2021-1\Arquitectura de Computadoras\practicas\Parcial02\01_key00\key00\key00_key00.srr to D:\ISC\Semestre 2021-1\Arquitectura de Computadoras\practicas\Parcial02\01_key00\key00\key00_key00.srf
Complete: Logic Synthesis on proj_1|key00
TCL script complete: "key00_key00_synplify.tcl"
exit status=0
exit status=0
Save changes for project:
D:\ISC\Semestre 2021-1\Arquitectura de Computadoras\practicas\Parcial02\01_key00\key00\proj_1.prj
batch mode default:no
