###########################################################[

Copyright (C) 1994-2020 Synopsys, Inc.
This Synopsys software and all associated documentation are proprietary to Synopsys, Inc.
and may only be used pursuant to the terms and conditions of a written license agreement
with Synopsys, Inc. All other use, reproduction, modification, or distribution of the
Synopsys software or the associated documentation is strictly prohibited.
Tool: Synplify Pro (R)
Build: Q-2020.03L-SP1
Install: C:\lscc\diamond\3.12\synpbase
OS: Windows 6.2

Hostname: DESKTOP-2I5LM3P

Implementation : key00
Synopsys VHDL Compiler, Version comp202003synp2, Build 182R, Built Oct 29 2020 10:49:53, @

@N|Running in 64-bit mode
@N:"D:\ISC\Semestre 2021-1\Arquitectura de Computadoras\practicas\Parcial02\01_key00\key00.vhd":11:7:11:11|Top entity is set to key00.

At c_vhdl Exit (Real Time elapsed 0h:00m:00s; CPU Time elapsed 0h:00m:00s; Memory used current: 93MB peak: 93MB)

Process took 0h:00m:01s realtime, 0h:00m:01s cputime

Process completed successfully.
# Wed Apr 21 15:48:28 2021

###########################################################]
