
Copyright (C) 1994-2020 Synopsys, Inc.
This Synopsys software and all associated documentation are proprietary to Synopsys, Inc.
and may only be used pursuant to the terms and conditions of a written license agreement
with Synopsys, Inc. All other use, reproduction, modification, or distribution of the
Synopsys software or the associated documentation is strictly prohibited.
Tool: Synplify Pro (R)
Build: Q-2020.03L-SP1
Install: C:\lscc\diamond\3.12\synpbase
OS: Windows 6.2

Hostname: DESKTOP-2I5LM3P

Implementation : multi8bits00
Synopsys HDL compiler and linker, Version comp202003synp2, Build 182R, Built Oct 29 2020 10:49:53, @

Modified Files: 20
FID:  path (prevtimestamp, timestamp)
0        C:\lscc\diamond\3.12\cae_library\synthesis\vhdl\machxo2.vhd (N/A, 2018-11-15 00:32:12)
1        C:\lscc\diamond\3.12\synpbase\lib\cpld\lattice.vhd (N/A, 2020-10-29 10:20:44)
2        C:\lscc\diamond\3.12\synpbase\lib\vhd\arith.vhd (N/A, 2020-10-29 10:23:10)
3        C:\lscc\diamond\3.12\synpbase\lib\vhd\hyperents.vhd (N/A, 2020-10-29 10:23:10)
4        C:\lscc\diamond\3.12\synpbase\lib\vhd\location.map (N/A, 2020-11-02 17:26:20)
5        C:\lscc\diamond\3.12\synpbase\lib\vhd\numeric.vhd (N/A, 2020-10-29 10:23:10)
6        C:\lscc\diamond\3.12\synpbase\lib\vhd\snps_haps_pkg.vhd (N/A, 2020-10-29 10:23:10)
7        C:\lscc\diamond\3.12\synpbase\lib\vhd\std.vhd (N/A, 2020-10-29 10:23:10)
8        C:\lscc\diamond\3.12\synpbase\lib\vhd\std1164.vhd (N/A, 2020-10-29 10:23:10)
9        C:\lscc\diamond\3.12\synpbase\lib\vhd\umr_capim.vhd (N/A, 2020-10-29 10:23:10)
10       C:\lscc\diamond\3.12\synpbase\lib\vhd\unsigned.vhd (N/A, 2020-10-29 10:23:10)
11       D:\ISC\Semestre 2021-1\Arquitectura de Computadoras\practicas\11_multi8bits00\and00.vhd (N/A, 2021-03-22 20:52:35)
12       D:\ISC\Semestre 2021-1\Arquitectura de Computadoras\practicas\11_multi8bits00\fa00.vhd (N/A, 2021-03-22 20:53:25)
13       D:\ISC\Semestre 2021-1\Arquitectura de Computadoras\practicas\11_multi8bits00\ha00.vhd (N/A, 2021-03-22 20:53:56)
14       D:\ISC\Semestre 2021-1\Arquitectura de Computadoras\practicas\11_multi8bits00\mult8bits00.vhd (N/A, 2021-03-22 23:29:16)
15       D:\ISC\Semestre 2021-1\Arquitectura de Computadoras\practicas\11_multi8bits00\or00.vhd (N/A, 2021-03-22 20:54:54)
16       D:\ISC\Semestre 2021-1\Arquitectura de Computadoras\practicas\11_multi8bits00\packagefa00.vhd (N/A, 2021-03-22 20:55:48)
17       D:\ISC\Semestre 2021-1\Arquitectura de Computadoras\practicas\11_multi8bits00\packageha00.vhd (N/A, 2021-03-22 20:56:10)
18       D:\ISC\Semestre 2021-1\Arquitectura de Computadoras\practicas\11_multi8bits00\packagemult8bits00.vhd (N/A, 2021-03-22 21:21:08)
19       D:\ISC\Semestre 2021-1\Arquitectura de Computadoras\practicas\11_multi8bits00\xor00.vhd (N/A, 2021-03-22 20:54:27)

*******************************************************************
Modules that may have changed as a result of file changes: 6
MID:  lib.cell.view
0        work.anda00.anda0 may have changed because the following files changed:
                        D:\ISC\Semestre 2021-1\Arquitectura de Computadoras\practicas\11_multi8bits00\and00.vhd (N/A, 2021-03-22 20:52:35) <-- (architecture and entity definition)
                        D:\ISC\Semestre 2021-1\Arquitectura de Computadoras\practicas\11_multi8bits00\fa00.vhd (N/A, 2021-03-22 20:53:25) <-- (may instantiate this module)
                        D:\ISC\Semestre 2021-1\Arquitectura de Computadoras\practicas\11_multi8bits00\ha00.vhd (N/A, 2021-03-22 20:53:56) <-- (may instantiate this module)
                        D:\ISC\Semestre 2021-1\Arquitectura de Computadoras\practicas\11_multi8bits00\mult8bits00.vhd (N/A, 2021-03-22 23:29:16) <-- (may instantiate this module)
2        work.fa00.fa0 may have changed because the following files changed:
                        D:\ISC\Semestre 2021-1\Arquitectura de Computadoras\practicas\11_multi8bits00\fa00.vhd (N/A, 2021-03-22 20:53:25) <-- (architecture and entity definition)
                        D:\ISC\Semestre 2021-1\Arquitectura de Computadoras\practicas\11_multi8bits00\mult8bits00.vhd (N/A, 2021-03-22 23:29:16) <-- (may instantiate this module)
4        work.ha00.ha0 may have changed because the following files changed:
                        D:\ISC\Semestre 2021-1\Arquitectura de Computadoras\practicas\11_multi8bits00\fa00.vhd (N/A, 2021-03-22 20:53:25) <-- (may instantiate this module)
                        D:\ISC\Semestre 2021-1\Arquitectura de Computadoras\practicas\11_multi8bits00\ha00.vhd (N/A, 2021-03-22 20:53:56) <-- (architecture and entity definition)
                        D:\ISC\Semestre 2021-1\Arquitectura de Computadoras\practicas\11_multi8bits00\mult8bits00.vhd (N/A, 2021-03-22 23:29:16) <-- (may instantiate this module)
6        work.mult8bit00.mult8bit0 may have changed because the following files changed:
                        D:\ISC\Semestre 2021-1\Arquitectura de Computadoras\practicas\11_multi8bits00\mult8bits00.vhd (N/A, 2021-03-22 23:29:16) <-- (architecture and entity definition)
8        work.ora00.ora0 may have changed because the following files changed:
                        D:\ISC\Semestre 2021-1\Arquitectura de Computadoras\practicas\11_multi8bits00\fa00.vhd (N/A, 2021-03-22 20:53:25) <-- (may instantiate this module)
                        D:\ISC\Semestre 2021-1\Arquitectura de Computadoras\practicas\11_multi8bits00\mult8bits00.vhd (N/A, 2021-03-22 23:29:16) <-- (may instantiate this module)
                        D:\ISC\Semestre 2021-1\Arquitectura de Computadoras\practicas\11_multi8bits00\or00.vhd (N/A, 2021-03-22 20:54:54) <-- (architecture and entity definition)
11       work.xora00.xora0 may have changed because the following files changed:
                        D:\ISC\Semestre 2021-1\Arquitectura de Computadoras\practicas\11_multi8bits00\fa00.vhd (N/A, 2021-03-22 20:53:25) <-- (may instantiate this module)
                        D:\ISC\Semestre 2021-1\Arquitectura de Computadoras\practicas\11_multi8bits00\ha00.vhd (N/A, 2021-03-22 20:53:56) <-- (may instantiate this module)
                        D:\ISC\Semestre 2021-1\Arquitectura de Computadoras\practicas\11_multi8bits00\mult8bits00.vhd (N/A, 2021-03-22 23:29:16) <-- (may instantiate this module)
                        D:\ISC\Semestre 2021-1\Arquitectura de Computadoras\practicas\11_multi8bits00\xor00.vhd (N/A, 2021-03-22 20:54:27) <-- (architecture and entity definition)

*******************************************************************
Unmodified files: 0
FID:  path (timestamp)

*******************************************************************
Unchanged modules: 0
MID:  lib.cell.view
