
Copyright (C) 1994-2020 Synopsys, Inc.
This Synopsys software and all associated documentation are proprietary to Synopsys, Inc.
and may only be used pursuant to the terms and conditions of a written license agreement
with Synopsys, Inc. All other use, reproduction, modification, or distribution of the
Synopsys software or the associated documentation is strictly prohibited.
Tool: Synplify Pro (R)
Build: Q-2020.03L-SP1
Install: C:\lscc\diamond\3.12\synpbase
OS: Windows 6.2

Hostname: DESKTOP-2I5LM3P

Implementation : key00
Synopsys HDL compiler and linker, Version comp202003synp2, Build 182R, Built Oct 29 2020 10:49:53, @

Modified Files: 20
FID:  path (prevtimestamp, timestamp)
0        C:\lscc\diamond\3.12\cae_library\synthesis\vhdl\machxo2.vhd (N/A, 2018-11-15 00:32:12)
1        C:\lscc\diamond\3.12\synpbase\lib\cpld\lattice.vhd (N/A, 2020-10-29 10:20:44)
2        C:\lscc\diamond\3.12\synpbase\lib\lucent\machxo2.vhd (N/A, 2020-10-29 10:20:54)
3        C:\lscc\diamond\3.12\synpbase\lib\vhd\arith.vhd (N/A, 2020-10-29 10:23:10)
4        C:\lscc\diamond\3.12\synpbase\lib\vhd\hyperents.vhd (N/A, 2020-10-29 10:23:10)
5        C:\lscc\diamond\3.12\synpbase\lib\vhd\location.map (N/A, 2020-11-02 17:26:20)
6        C:\lscc\diamond\3.12\synpbase\lib\vhd\numeric.vhd (N/A, 2020-10-29 10:23:10)
7        C:\lscc\diamond\3.12\synpbase\lib\vhd\snps_haps_pkg.vhd (N/A, 2020-10-29 10:23:10)
8        C:\lscc\diamond\3.12\synpbase\lib\vhd\std.vhd (N/A, 2020-10-29 10:23:10)
9        C:\lscc\diamond\3.12\synpbase\lib\vhd\std1164.vhd (N/A, 2020-10-29 10:23:10)
10       C:\lscc\diamond\3.12\synpbase\lib\vhd\umr_capim.vhd (N/A, 2020-10-29 10:23:10)
11       C:\lscc\diamond\3.12\synpbase\lib\vhd\unsigned.vhd (N/A, 2020-10-29 10:23:10)
12       D:\ISC\Semestre 2021-1\Arquitectura de Computadoras\practicas\Parcial02\01_key00\coder00.vhd (N/A, 2021-04-21 15:14:26)
13       D:\ISC\Semestre 2021-1\Arquitectura de Computadoras\practicas\Parcial02\01_key00\contring00.vhd (N/A, 2021-04-13 09:44:50)
14       D:\ISC\Semestre 2021-1\Arquitectura de Computadoras\practicas\Parcial02\01_key00\key00.vhd (N/A, 2021-04-21 15:42:50)
15       D:\ISC\Semestre 2021-1\Arquitectura de Computadoras\practicas\Parcial02\01_key00\key00\source\div00.vhd (N/A, 2021-03-23 08:44:23)
16       D:\ISC\Semestre 2021-1\Arquitectura de Computadoras\practicas\Parcial02\01_key00\key00\source\osc00.vhd (N/A, 2021-04-21 15:16:41)
17       D:\ISC\Semestre 2021-1\Arquitectura de Computadoras\practicas\Parcial02\01_key00\key00\source\oscint00.vhd (N/A, 2021-04-21 15:16:22)
18       D:\ISC\Semestre 2021-1\Arquitectura de Computadoras\practicas\Parcial02\01_key00\key00\source\packageOsc00.vhd (N/A, 2021-04-21 15:16:14)
19       D:\ISC\Semestre 2021-1\Arquitectura de Computadoras\practicas\Parcial02\01_key00\packagekey00.vhd (N/A, 2021-04-21 15:19:35)

*******************************************************************
Modules that may have changed as a result of file changes: 6
MID:  lib.cell.view
0        work.coder00.coder0 may have changed because the following files changed:
                        D:\ISC\Semestre 2021-1\Arquitectura de Computadoras\practicas\Parcial02\01_key00\coder00.vhd (N/A, 2021-04-21 15:14:26) <-- (architecture and entity definition)
                        D:\ISC\Semestre 2021-1\Arquitectura de Computadoras\practicas\Parcial02\01_key00\key00.vhd (N/A, 2021-04-21 15:42:50) <-- (may instantiate this module)
2        work.contring00.contring0 may have changed because the following files changed:
                        D:\ISC\Semestre 2021-1\Arquitectura de Computadoras\practicas\Parcial02\01_key00\contring00.vhd (N/A, 2021-04-13 09:44:50) <-- (architecture and entity definition)
                        D:\ISC\Semestre 2021-1\Arquitectura de Computadoras\practicas\Parcial02\01_key00\key00.vhd (N/A, 2021-04-21 15:42:50) <-- (may instantiate this module)
4        work.div00.div0 may have changed because the following files changed:
                        D:\ISC\Semestre 2021-1\Arquitectura de Computadoras\practicas\Parcial02\01_key00\key00.vhd (N/A, 2021-04-21 15:42:50) <-- (may instantiate this module)
                        D:\ISC\Semestre 2021-1\Arquitectura de Computadoras\practicas\Parcial02\01_key00\key00\source\div00.vhd (N/A, 2021-03-23 08:44:23) <-- (architecture and entity definition)
                        D:\ISC\Semestre 2021-1\Arquitectura de Computadoras\practicas\Parcial02\01_key00\key00\source\osc00.vhd (N/A, 2021-04-21 15:16:41) <-- (may instantiate this module)
6        work.key00.key0 may have changed because the following files changed:
                        D:\ISC\Semestre 2021-1\Arquitectura de Computadoras\practicas\Parcial02\01_key00\key00.vhd (N/A, 2021-04-21 15:42:50) <-- (architecture and entity definition)
8        work.osc00.osc0 may have changed because the following files changed:
                        D:\ISC\Semestre 2021-1\Arquitectura de Computadoras\practicas\Parcial02\01_key00\key00.vhd (N/A, 2021-04-21 15:42:50) <-- (may instantiate this module)
                        D:\ISC\Semestre 2021-1\Arquitectura de Computadoras\practicas\Parcial02\01_key00\key00\source\osc00.vhd (N/A, 2021-04-21 15:16:41) <-- (architecture and entity definition)
10       work.oscint00.oscint0 may have changed because the following files changed:
                        D:\ISC\Semestre 2021-1\Arquitectura de Computadoras\practicas\Parcial02\01_key00\key00.vhd (N/A, 2021-04-21 15:42:50) <-- (may instantiate this module)
                        D:\ISC\Semestre 2021-1\Arquitectura de Computadoras\practicas\Parcial02\01_key00\key00\source\osc00.vhd (N/A, 2021-04-21 15:16:41) <-- (may instantiate this module)
                        D:\ISC\Semestre 2021-1\Arquitectura de Computadoras\practicas\Parcial02\01_key00\key00\source\oscint00.vhd (N/A, 2021-04-21 15:16:22) <-- (architecture and entity definition)

*******************************************************************
Unmodified files: 0
FID:  path (timestamp)

*******************************************************************
Unchanged modules: 0
MID:  lib.cell.view
