
Loading design for application trce from file adder8bits00_adder8bits00.ncd.
Design name: adder4bit00
NCD version: 3.3
Vendor:      LATTICE
Device:      LCMXO2-7000HE
Package:     TQFP144
Performance: 4
Loading device for application trce from file 'xo2c7000.nph' in environment: C:/lscc/diamond/3.12/ispfpga.
Package Status:                     Final          Version 1.39.
Performance Hardware Data Status:   Final          Version 34.4.
Setup and Hold Report

--------------------------------------------------------------------------------
Lattice TRACE Report - Setup, Version Diamond (64-bit) 3.12.0.240.2
Tue Mar 23 17:10:57 2021

Copyright (c) 1991-1994 by NeoCAD Inc. All rights reserved.
Copyright (c) 1995 AT&T Corp.   All rights reserved.
Copyright (c) 1995-2001 Lucent Technologies Inc.  All rights reserved.
Copyright (c) 2001 Agere Systems   All rights reserved.
Copyright (c) 2002-2020 Lattice Semiconductor Corporation,  All rights reserved.

Report Information
------------------
Command line:    trce -v 10 -gt -sethld -sp 4 -sphld m -o adder8bits00_adder8bits00.twr -gui -msgset D:/ISC/Semestre 2021-1/Arquitectura de Computadoras/practicas/08_adder8bits00/promote.xml adder8bits00_adder8bits00.ncd adder8bits00_adder8bits00.prf 
Design file:     adder8bits00_adder8bits00.ncd
Preference file: adder8bits00_adder8bits00.prf
Device,speed:    LCMXO2-7000HE,4
Report level:    verbose report, limited to 10 items per preference
--------------------------------------------------------------------------------

BLOCK ASYNCPATHS
BLOCK RESETPATHS
--------------------------------------------------------------------------------



================================================================================
Preference: Default path enumeration
            299 items scored, 0 timing errors detected.
--------------------------------------------------------------------------------

Report:   22.858ns delay SL to So[1]

   Name    Fanout   Delay (ns)          Site               Resource
PADI_DEL    ---     1.410         67.PAD to       67.PADDI SL
ROUTE        15     3.058       67.PADDI to     R25C22D.A1 SL_c
CTOF_DEL    ---     0.497     R25C22D.A1 to     R25C22D.F1 SLICE_3
ROUTE         2     0.448     R25C22D.F1 to     R25C22D.C0 SC[0]
CTOF_DEL    ---     0.497     R25C22D.C0 to     R25C22D.F0 SLICE_3
ROUTE         2     0.636     R25C22D.F0 to     R25C21D.D1 SC[1]
CTOF_DEL    ---     0.497     R25C21D.D1 to     R25C21D.F1 SLICE_2
ROUTE         2     1.025     R25C21D.F1 to     R25C21D.B0 SC[2]
CTOF_DEL    ---     0.497     R25C21D.B0 to     R25C21D.F0 SLICE_2
ROUTE         2     0.984     R25C21D.F0 to     R25C20B.A1 SC[3]
CTOF_DEL    ---     0.497     R25C20B.A1 to     R25C20B.F1 SLICE_1
ROUTE         2     0.448     R25C20B.F1 to     R25C20B.C0 SC[4]
CTOF_DEL    ---     0.497     R25C20B.C0 to     R25C20B.F0 SLICE_1
ROUTE         2     0.763     R25C20B.F0 to     R25C21C.C1 SC[5]
CTOF_DEL    ---     0.497     R25C21C.C1 to     R25C21C.F1 SLICE_0
ROUTE         2     0.448     R25C21C.F1 to     R25C21C.C0 SC[6]
CTOF_DEL    ---     0.497     R25C21C.C0 to     R25C21C.F0 SLICE_0
ROUTE         8     1.118     R25C21C.F0 to     R25C22B.D0 LED_c
CTOF_DEL    ---     0.497     R25C22B.D0 to     R25C22B.F0 SLICE_9
ROUTE         1     4.489     R25C22B.F0 to      114.PADDO So_c[1]
DOPAD_DEL   ---     3.558      114.PADDO to        114.PAD So[1]
                  --------
                   22.858   (41.3% logic, 58.7% route), 11 logic levels.

Report:   22.567ns delay SL to So[2]

   Name    Fanout   Delay (ns)          Site               Resource
PADI_DEL    ---     1.410         67.PAD to       67.PADDI SL
ROUTE        15     3.058       67.PADDI to     R25C22D.A1 SL_c
CTOF_DEL    ---     0.497     R25C22D.A1 to     R25C22D.F1 SLICE_3
ROUTE         2     0.448     R25C22D.F1 to     R25C22D.C0 SC[0]
CTOF_DEL    ---     0.497     R25C22D.C0 to     R25C22D.F0 SLICE_3
ROUTE         2     0.636     R25C22D.F0 to     R25C21D.D1 SC[1]
CTOF_DEL    ---     0.497     R25C21D.D1 to     R25C21D.F1 SLICE_2
ROUTE         2     1.025     R25C21D.F1 to     R25C21D.B0 SC[2]
CTOF_DEL    ---     0.497     R25C21D.B0 to     R25C21D.F0 SLICE_2
ROUTE         2     0.984     R25C21D.F0 to     R25C20B.A1 SC[3]
CTOF_DEL    ---     0.497     R25C20B.A1 to     R25C20B.F1 SLICE_1
ROUTE         2     0.448     R25C20B.F1 to     R25C20B.C0 SC[4]
CTOF_DEL    ---     0.497     R25C20B.C0 to     R25C20B.F0 SLICE_1
ROUTE         2     0.763     R25C20B.F0 to     R25C21C.C1 SC[5]
CTOF_DEL    ---     0.497     R25C21C.C1 to     R25C21C.F1 SLICE_0
ROUTE         2     0.448     R25C21C.F1 to     R25C21C.C0 SC[6]
CTOF_DEL    ---     0.497     R25C21C.C0 to     R25C21C.F0 SLICE_0
ROUTE         8     1.118     R25C21C.F0 to     R25C22A.D0 LED_c
CTOF_DEL    ---     0.497     R25C22A.D0 to     R25C22A.F0 SLICE_8
ROUTE         1     4.198     R25C22A.F0 to      115.PADDO So_c[2]
DOPAD_DEL   ---     3.558      115.PADDO to        115.PAD So[2]
                  --------
                   22.567   (41.8% logic, 58.2% route), 11 logic levels.

Report:   22.449ns delay SL to So[0]

   Name    Fanout   Delay (ns)          Site               Resource
PADI_DEL    ---     1.410         67.PAD to       67.PADDI SL
ROUTE        15     3.058       67.PADDI to     R25C22D.A1 SL_c
CTOF_DEL    ---     0.497     R25C22D.A1 to     R25C22D.F1 SLICE_3
ROUTE         2     0.448     R25C22D.F1 to     R25C22D.C0 SC[0]
CTOF_DEL    ---     0.497     R25C22D.C0 to     R25C22D.F0 SLICE_3
ROUTE         2     0.636     R25C22D.F0 to     R25C21D.D1 SC[1]
CTOF_DEL    ---     0.497     R25C21D.D1 to     R25C21D.F1 SLICE_2
ROUTE         2     1.025     R25C21D.F1 to     R25C21D.B0 SC[2]
CTOF_DEL    ---     0.497     R25C21D.B0 to     R25C21D.F0 SLICE_2
ROUTE         2     0.984     R25C21D.F0 to     R25C20B.A1 SC[3]
CTOF_DEL    ---     0.497     R25C20B.A1 to     R25C20B.F1 SLICE_1
ROUTE         2     0.448     R25C20B.F1 to     R25C20B.C0 SC[4]
CTOF_DEL    ---     0.497     R25C20B.C0 to     R25C20B.F0 SLICE_1
ROUTE         2     0.763     R25C20B.F0 to     R25C21C.C1 SC[5]
CTOF_DEL    ---     0.497     R25C21C.C1 to     R25C21C.F1 SLICE_0
ROUTE         2     0.448     R25C21C.F1 to     R25C21C.C0 SC[6]
CTOF_DEL    ---     0.497     R25C21C.C0 to     R25C21C.F0 SLICE_0
ROUTE         8     1.118     R25C21C.F0 to     R25C22C.D0 LED_c
CTOF_DEL    ---     0.497     R25C22C.D0 to     R25C22C.F0 SLICE_10
ROUTE         1     4.080     R25C22C.F0 to      113.PADDO So_c[0]
DOPAD_DEL   ---     3.558      113.PADDO to        113.PAD So[0]
                  --------
                   22.449   (42.1% logic, 57.9% route), 11 logic levels.

Report:   22.427ns delay Ai[0] to So[1]

   Name    Fanout   Delay (ns)          Site               Resource
PADI_DEL    ---     1.410         45.PAD to       45.PADDI Ai[0]
ROUTE         2     2.627       45.PADDI to     R25C22D.D1 Ai_c[0]
CTOF_DEL    ---     0.497     R25C22D.D1 to     R25C22D.F1 SLICE_3
ROUTE         2     0.448     R25C22D.F1 to     R25C22D.C0 SC[0]
CTOF_DEL    ---     0.497     R25C22D.C0 to     R25C22D.F0 SLICE_3
ROUTE         2     0.636     R25C22D.F0 to     R25C21D.D1 SC[1]
CTOF_DEL    ---     0.497     R25C21D.D1 to     R25C21D.F1 SLICE_2
ROUTE         2     1.025     R25C21D.F1 to     R25C21D.B0 SC[2]
CTOF_DEL    ---     0.497     R25C21D.B0 to     R25C21D.F0 SLICE_2
ROUTE         2     0.984     R25C21D.F0 to     R25C20B.A1 SC[3]
CTOF_DEL    ---     0.497     R25C20B.A1 to     R25C20B.F1 SLICE_1
ROUTE         2     0.448     R25C20B.F1 to     R25C20B.C0 SC[4]
CTOF_DEL    ---     0.497     R25C20B.C0 to     R25C20B.F0 SLICE_1
ROUTE         2     0.763     R25C20B.F0 to     R25C21C.C1 SC[5]
CTOF_DEL    ---     0.497     R25C21C.C1 to     R25C21C.F1 SLICE_0
ROUTE         2     0.448     R25C21C.F1 to     R25C21C.C0 SC[6]
CTOF_DEL    ---     0.497     R25C21C.C0 to     R25C21C.F0 SLICE_0
ROUTE         8     1.118     R25C21C.F0 to     R25C22B.D0 LED_c
CTOF_DEL    ---     0.497     R25C22B.D0 to     R25C22B.F0 SLICE_9
ROUTE         1     4.489     R25C22B.F0 to      114.PADDO So_c[1]
DOPAD_DEL   ---     3.558      114.PADDO to        114.PAD So[1]
                  --------
                   22.427   (42.1% logic, 57.9% route), 11 logic levels.

Report:   22.393ns delay SL to So[1]

   Name    Fanout   Delay (ns)          Site               Resource
PADI_DEL    ---     1.410         67.PAD to       67.PADDI SL
ROUTE        15     3.538       67.PADDI to     R25C22D.B0 SL_c
CTOF_DEL    ---     0.497     R25C22D.B0 to     R25C22D.F0 SLICE_3
ROUTE         2     0.636     R25C22D.F0 to     R25C21D.D1 SC[1]
CTOF_DEL    ---     0.497     R25C21D.D1 to     R25C21D.F1 SLICE_2
ROUTE         2     1.025     R25C21D.F1 to     R25C21D.B0 SC[2]
CTOF_DEL    ---     0.497     R25C21D.B0 to     R25C21D.F0 SLICE_2
ROUTE         2     0.984     R25C21D.F0 to     R25C20B.A1 SC[3]
CTOF_DEL    ---     0.497     R25C20B.A1 to     R25C20B.F1 SLICE_1
ROUTE         2     0.448     R25C20B.F1 to     R25C20B.C0 SC[4]
CTOF_DEL    ---     0.497     R25C20B.C0 to     R25C20B.F0 SLICE_1
ROUTE         2     0.763     R25C20B.F0 to     R25C21C.C1 SC[5]
CTOF_DEL    ---     0.497     R25C21C.C1 to     R25C21C.F1 SLICE_0
ROUTE         2     0.448     R25C21C.F1 to     R25C21C.C0 SC[6]
CTOF_DEL    ---     0.497     R25C21C.C0 to     R25C21C.F0 SLICE_0
ROUTE         8     1.118     R25C21C.F0 to     R25C22B.D0 LED_c
CTOF_DEL    ---     0.497     R25C22B.D0 to     R25C22B.F0 SLICE_9
ROUTE         1     4.489     R25C22B.F0 to      114.PADDO So_c[1]
DOPAD_DEL   ---     3.558      114.PADDO to        114.PAD So[1]
                  --------
                   22.393   (39.9% logic, 60.1% route), 10 logic levels.

Report:   22.263ns delay SL to So[5]

   Name    Fanout   Delay (ns)          Site               Resource
PADI_DEL    ---     1.410         67.PAD to       67.PADDI SL
ROUTE        15     3.058       67.PADDI to     R25C22D.A1 SL_c
CTOF_DEL    ---     0.497     R25C22D.A1 to     R25C22D.F1 SLICE_3
ROUTE         2     0.448     R25C22D.F1 to     R25C22D.C0 SC[0]
CTOF_DEL    ---     0.497     R25C22D.C0 to     R25C22D.F0 SLICE_3
ROUTE         2     0.636     R25C22D.F0 to     R25C21D.D1 SC[1]
CTOF_DEL    ---     0.497     R25C21D.D1 to     R25C21D.F1 SLICE_2
ROUTE         2     1.025     R25C21D.F1 to     R25C21D.B0 SC[2]
CTOF_DEL    ---     0.497     R25C21D.B0 to     R25C21D.F0 SLICE_2
ROUTE         2     0.984     R25C21D.F0 to     R25C20B.A1 SC[3]
CTOF_DEL    ---     0.497     R25C20B.A1 to     R25C20B.F1 SLICE_1
ROUTE         2     0.448     R25C20B.F1 to     R25C20B.C0 SC[4]
CTOF_DEL    ---     0.497     R25C20B.C0 to     R25C20B.F0 SLICE_1
ROUTE         2     0.763     R25C20B.F0 to     R25C21C.C1 SC[5]
CTOF_DEL    ---     0.497     R25C21C.C1 to     R25C21C.F1 SLICE_0
ROUTE         2     0.448     R25C21C.F1 to     R25C21C.C0 SC[6]
CTOF_DEL    ---     0.497     R25C21C.C0 to     R25C21C.F0 SLICE_0
ROUTE         8     1.025     R25C21C.F0 to     R25C20A.A0 LED_c
CTOF_DEL    ---     0.497     R25C20A.A0 to     R25C20A.F0 SLICE_5
ROUTE         1     3.987     R25C20A.F0 to      120.PADDO So_c[5]
DOPAD_DEL   ---     3.558      120.PADDO to        120.PAD So[5]
                  --------
                   22.263   (42.4% logic, 57.6% route), 11 logic levels.

Report:   22.244ns delay SL to So[3]

   Name    Fanout   Delay (ns)          Site               Resource
PADI_DEL    ---     1.410         67.PAD to       67.PADDI SL
ROUTE        15     3.058       67.PADDI to     R25C22D.A1 SL_c
CTOF_DEL    ---     0.497     R25C22D.A1 to     R25C22D.F1 SLICE_3
ROUTE         2     0.448     R25C22D.F1 to     R25C22D.C0 SC[0]
CTOF_DEL    ---     0.497     R25C22D.C0 to     R25C22D.F0 SLICE_3
ROUTE         2     0.636     R25C22D.F0 to     R25C21D.D1 SC[1]
CTOF_DEL    ---     0.497     R25C21D.D1 to     R25C21D.F1 SLICE_2
ROUTE         2     1.025     R25C21D.F1 to     R25C21D.B0 SC[2]
CTOF_DEL    ---     0.497     R25C21D.B0 to     R25C21D.F0 SLICE_2
ROUTE         2     0.984     R25C21D.F0 to     R25C20B.A1 SC[3]
CTOF_DEL    ---     0.497     R25C20B.A1 to     R25C20B.F1 SLICE_1
ROUTE         2     0.448     R25C20B.F1 to     R25C20B.C0 SC[4]
CTOF_DEL    ---     0.497     R25C20B.C0 to     R25C20B.F0 SLICE_1
ROUTE         2     0.763     R25C20B.F0 to     R25C21C.C1 SC[5]
CTOF_DEL    ---     0.497     R25C21C.C1 to     R25C21C.F1 SLICE_0
ROUTE         2     0.448     R25C21C.F1 to     R25C21C.C0 SC[6]
CTOF_DEL    ---     0.497     R25C21C.C0 to     R25C21C.F0 SLICE_0
ROUTE         8     1.006     R25C21C.F0 to     R25C21A.A0 LED_c
CTOF_DEL    ---     0.497     R25C21A.A0 to     R25C21A.F0 SLICE_7
ROUTE         1     3.987     R25C21A.F0 to      117.PADDO So_c[3]
DOPAD_DEL   ---     3.558      117.PADDO to        117.PAD So[3]
                  --------
                   22.244   (42.4% logic, 57.6% route), 11 logic levels.

Report:   22.136ns delay Ai[0] to So[2]

   Name    Fanout   Delay (ns)          Site               Resource
PADI_DEL    ---     1.410         45.PAD to       45.PADDI Ai[0]
ROUTE         2     2.627       45.PADDI to     R25C22D.D1 Ai_c[0]
CTOF_DEL    ---     0.497     R25C22D.D1 to     R25C22D.F1 SLICE_3
ROUTE         2     0.448     R25C22D.F1 to     R25C22D.C0 SC[0]
CTOF_DEL    ---     0.497     R25C22D.C0 to     R25C22D.F0 SLICE_3
ROUTE         2     0.636     R25C22D.F0 to     R25C21D.D1 SC[1]
CTOF_DEL    ---     0.497     R25C21D.D1 to     R25C21D.F1 SLICE_2
ROUTE         2     1.025     R25C21D.F1 to     R25C21D.B0 SC[2]
CTOF_DEL    ---     0.497     R25C21D.B0 to     R25C21D.F0 SLICE_2
ROUTE         2     0.984     R25C21D.F0 to     R25C20B.A1 SC[3]
CTOF_DEL    ---     0.497     R25C20B.A1 to     R25C20B.F1 SLICE_1
ROUTE         2     0.448     R25C20B.F1 to     R25C20B.C0 SC[4]
CTOF_DEL    ---     0.497     R25C20B.C0 to     R25C20B.F0 SLICE_1
ROUTE         2     0.763     R25C20B.F0 to     R25C21C.C1 SC[5]
CTOF_DEL    ---     0.497     R25C21C.C1 to     R25C21C.F1 SLICE_0
ROUTE         2     0.448     R25C21C.F1 to     R25C21C.C0 SC[6]
CTOF_DEL    ---     0.497     R25C21C.C0 to     R25C21C.F0 SLICE_0
ROUTE         8     1.118     R25C21C.F0 to     R25C22A.D0 LED_c
CTOF_DEL    ---     0.497     R25C22A.D0 to     R25C22A.F0 SLICE_8
ROUTE         1     4.198     R25C22A.F0 to      115.PADDO So_c[2]
DOPAD_DEL   ---     3.558      115.PADDO to        115.PAD So[2]
                  --------
                   22.136   (42.6% logic, 57.4% route), 11 logic levels.

Report:   22.102ns delay SL to So[2]

   Name    Fanout   Delay (ns)          Site               Resource
PADI_DEL    ---     1.410         67.PAD to       67.PADDI SL
ROUTE        15     3.538       67.PADDI to     R25C22D.B0 SL_c
CTOF_DEL    ---     0.497     R25C22D.B0 to     R25C22D.F0 SLICE_3
ROUTE         2     0.636     R25C22D.F0 to     R25C21D.D1 SC[1]
CTOF_DEL    ---     0.497     R25C21D.D1 to     R25C21D.F1 SLICE_2
ROUTE         2     1.025     R25C21D.F1 to     R25C21D.B0 SC[2]
CTOF_DEL    ---     0.497     R25C21D.B0 to     R25C21D.F0 SLICE_2
ROUTE         2     0.984     R25C21D.F0 to     R25C20B.A1 SC[3]
CTOF_DEL    ---     0.497     R25C20B.A1 to     R25C20B.F1 SLICE_1
ROUTE         2     0.448     R25C20B.F1 to     R25C20B.C0 SC[4]
CTOF_DEL    ---     0.497     R25C20B.C0 to     R25C20B.F0 SLICE_1
ROUTE         2     0.763     R25C20B.F0 to     R25C21C.C1 SC[5]
CTOF_DEL    ---     0.497     R25C21C.C1 to     R25C21C.F1 SLICE_0
ROUTE         2     0.448     R25C21C.F1 to     R25C21C.C0 SC[6]
CTOF_DEL    ---     0.497     R25C21C.C0 to     R25C21C.F0 SLICE_0
ROUTE         8     1.118     R25C21C.F0 to     R25C22A.D0 LED_c
CTOF_DEL    ---     0.497     R25C22A.D0 to     R25C22A.F0 SLICE_8
ROUTE         1     4.198     R25C22A.F0 to      115.PADDO So_c[2]
DOPAD_DEL   ---     3.558      115.PADDO to        115.PAD So[2]
                  --------
                   22.102   (40.5% logic, 59.5% route), 10 logic levels.

Report:   22.018ns delay Ai[0] to So[0]

   Name    Fanout   Delay (ns)          Site               Resource
PADI_DEL    ---     1.410         45.PAD to       45.PADDI Ai[0]
ROUTE         2     2.627       45.PADDI to     R25C22D.D1 Ai_c[0]
CTOF_DEL    ---     0.497     R25C22D.D1 to     R25C22D.F1 SLICE_3
ROUTE         2     0.448     R25C22D.F1 to     R25C22D.C0 SC[0]
CTOF_DEL    ---     0.497     R25C22D.C0 to     R25C22D.F0 SLICE_3
ROUTE         2     0.636     R25C22D.F0 to     R25C21D.D1 SC[1]
CTOF_DEL    ---     0.497     R25C21D.D1 to     R25C21D.F1 SLICE_2
ROUTE         2     1.025     R25C21D.F1 to     R25C21D.B0 SC[2]
CTOF_DEL    ---     0.497     R25C21D.B0 to     R25C21D.F0 SLICE_2
ROUTE         2     0.984     R25C21D.F0 to     R25C20B.A1 SC[3]
CTOF_DEL    ---     0.497     R25C20B.A1 to     R25C20B.F1 SLICE_1
ROUTE         2     0.448     R25C20B.F1 to     R25C20B.C0 SC[4]
CTOF_DEL    ---     0.497     R25C20B.C0 to     R25C20B.F0 SLICE_1
ROUTE         2     0.763     R25C20B.F0 to     R25C21C.C1 SC[5]
CTOF_DEL    ---     0.497     R25C21C.C1 to     R25C21C.F1 SLICE_0
ROUTE         2     0.448     R25C21C.F1 to     R25C21C.C0 SC[6]
CTOF_DEL    ---     0.497     R25C21C.C0 to     R25C21C.F0 SLICE_0
ROUTE         8     1.118     R25C21C.F0 to     R25C22C.D0 LED_c
CTOF_DEL    ---     0.497     R25C22C.D0 to     R25C22C.F0 SLICE_10
ROUTE         1     4.080     R25C22C.F0 to      113.PADDO So_c[0]
DOPAD_DEL   ---     3.558      113.PADDO to        113.PAD So[0]
                  --------
                   22.018   (42.9% logic, 57.1% route), 11 logic levels.

Report:   22.858ns is the maximum delay for this preference.


================================================================================
Preference: Default net enumeration
            39 items scored, 0 timing errors detected.
--------------------------------------------------------------------------------

Report:    4.489ns maximum delay on So_c[1]

           Delays             Connection(s)
           4.489ns       R25C22B.F0 to 114.PADDO       

Report:    4.198ns maximum delay on So_c[2]

           Delays             Connection(s)
           4.198ns       R25C22A.F0 to 115.PADDO       

Report:    4.080ns maximum delay on So_c[0]

           Delays             Connection(s)
           4.080ns       R25C22C.F0 to 113.PADDO       

Report:    4.019ns maximum delay on LED_c

           Delays             Connection(s)
           4.019ns       R25C21C.F0 to 126.PADDO       
           1.118ns       R25C21C.F0 to R25C22C.D0      
           1.118ns       R25C21C.F0 to R25C22B.D0      
           1.118ns       R25C21C.F0 to R25C22A.D0      
           1.006ns       R25C21C.F0 to R25C21A.A0      
           0.660ns       R25C21C.F0 to R25C20D.D0      
           1.025ns       R25C21C.F0 to R25C20A.A0      
           0.350ns       R25C21C.F0 to R25C21B.D0      

Report:    3.987ns maximum delay on So_c[5]

           Delays             Connection(s)
           3.987ns       R25C20A.F0 to 120.PADDO       

Report:    3.987ns maximum delay on So_c[6]

           Delays             Connection(s)
           3.987ns       R25C21B.F0 to 121.PADDO       

Report:    3.987ns maximum delay on So_c[3]

           Delays             Connection(s)
           3.987ns       R25C21A.F0 to 117.PADDO       

Report:    3.859ns maximum delay on Ai_c[7]

           Delays             Connection(s)
           3.859ns         38.PADDI to R25C22C.A1      
           3.429ns         38.PADDI to R25C21C.A0      

Report:    3.771ns maximum delay on Ai_c[6]

           Delays             Connection(s)
           3.771ns         39.PADDI to R25C21B.B0      
           3.590ns         39.PADDI to R25C21C.B1      

Report:    3.587ns maximum delay on So_c[4]

           Delays             Connection(s)
           3.587ns       R25C20D.F0 to 119.PADDO       

Report:    4.489ns is the maximum delay for this preference.

Report Summary
--------------
----------------------------------------------------------------------------
Preference                              |   Constraint|       Actual|Levels
----------------------------------------------------------------------------
                                        |             |             |
Default path enumeration                |     0.000 ns|    22.858 ns|   0  
                                        |             |             |
Default net enumeration                 |     0.000 ns|     4.489 ns|   0  
                                        |             |             |
----------------------------------------------------------------------------


All preferences were met.


Clock Domains Analysis
------------------------

Found 0 clocks:


Timing summary (Setup):
---------------

Timing errors: 0  Score: 0
Cumulative negative slack: 0

Constraints cover 299 paths, 39 nets, and 83 connections (100.00% coverage)

--------------------------------------------------------------------------------

