
Copyright (C) 1994-2020 Synopsys, Inc.
This Synopsys software and all associated documentation are proprietary to Synopsys, Inc.
and may only be used pursuant to the terms and conditions of a written license agreement
with Synopsys, Inc. All other use, reproduction, modification, or distribution of the
Synopsys software or the associated documentation is strictly prohibited.
Tool: Synplify Pro (R)
Build: Q-2020.03L-SP1
Install: C:\lscc\diamond\3.12\synpbase
OS: Windows 6.2

Hostname: DESKTOP-2I5LM3P

Implementation : word00
Synopsys HDL compiler and linker, Version comp202003synp2, Build 182R, Built Oct 29 2020 10:49:53, @

Modified Files: 2
FID:  path (prevtimestamp, timestamp)
20       D:\ISC\Semestre 2021-1\Arquitectura de Computadoras\practicas\22_word00\word00\source\coder00.vhd (N/A, 2021-03-29 12:46:16)
19       D:\ISC\Semestre 2021-1\Arquitectura de Computadoras\practicas\22_word00\wordmem00.vhd (2021-03-29 12:46:16, N/A)

*******************************************************************
Modules that may have changed as a result of file changes: 1
MID:  lib.cell.view
0        work.coder00.coder0 may have changed because the following files changed:
                        D:\ISC\Semestre 2021-1\Arquitectura de Computadoras\practicas\22_word00\word00\source\coder00.vhd (N/A, 2021-03-29 12:46:16) <-- (architecture and entity definition)

*******************************************************************
Unmodified files: 19
FID:  path (timestamp)
0        C:\lscc\diamond\3.12\cae_library\synthesis\vhdl\machxo2.vhd (2018-11-15 00:32:12)
1        C:\lscc\diamond\3.12\synpbase\lib\cpld\lattice.vhd (2020-10-29 10:20:44)
2        C:\lscc\diamond\3.12\synpbase\lib\lucent\machxo2.vhd (2020-10-29 10:20:54)
3        C:\lscc\diamond\3.12\synpbase\lib\vhd\arith.vhd (2020-10-29 10:23:10)
4        C:\lscc\diamond\3.12\synpbase\lib\vhd\hyperents.vhd (2020-10-29 10:23:10)
5        C:\lscc\diamond\3.12\synpbase\lib\vhd\location.map (2020-11-02 17:26:20)
6        C:\lscc\diamond\3.12\synpbase\lib\vhd\numeric.vhd (2020-10-29 10:23:10)
7        C:\lscc\diamond\3.12\synpbase\lib\vhd\snps_haps_pkg.vhd (2020-10-29 10:23:10)
8        C:\lscc\diamond\3.12\synpbase\lib\vhd\std.vhd (2020-10-29 10:23:10)
9        C:\lscc\diamond\3.12\synpbase\lib\vhd\std1164.vhd (2020-10-29 10:23:10)
10       C:\lscc\diamond\3.12\synpbase\lib\vhd\umr_capim.vhd (2020-10-29 10:23:10)
11       C:\lscc\diamond\3.12\synpbase\lib\vhd\unsigned.vhd (2020-10-29 10:23:10)
12       D:\ISC\Semestre 2021-1\Arquitectura de Computadoras\practicas\22_word00\packageword00.vhd (2021-03-29 12:46:48)
13       D:\ISC\Semestre 2021-1\Arquitectura de Computadoras\practicas\22_word00\word00.vhd (2021-03-29 12:56:25)
14       D:\ISC\Semestre 2021-1\Arquitectura de Computadoras\practicas\22_word00\word00\source\cont_ring.vhd (2021-03-29 12:46:41)
15       D:\ISC\Semestre 2021-1\Arquitectura de Computadoras\practicas\22_word00\word00\source\div00.vhd (2021-03-23 08:44:23)
16       D:\ISC\Semestre 2021-1\Arquitectura de Computadoras\practicas\22_word00\word00\source\osc00.vhd (2021-03-23 08:46:06)
17       D:\ISC\Semestre 2021-1\Arquitectura de Computadoras\practicas\22_word00\word00\source\oscint00.vhd (2021-03-23 08:43:41)
18       D:\ISC\Semestre 2021-1\Arquitectura de Computadoras\practicas\22_word00\word00\source\packageOsc00.vhd (2021-03-23 08:45:14)

*******************************************************************
Unchanged modules: 10
MID:  lib.cell.view
2        work.div00.div0
3        work.div00.vhdl
4        work.osc00.osc0
5        work.osc00.vhdl
6        work.oscint00.oscint0
7        work.oscint00.vhdl
8        work.ring00.cont
9        work.ring00.vhdl
10       work.word00.vhdl
11       work.word00.word0
